<?xml version="1.0" encoding="utf-8"?><testsuites name="pytest tests"><testsuite name="pytest" errors="0" failures="0" skipped="0" tests="24" time="4.092" timestamp="2026-09-04T12:10:27.339899+00:00" hostname="agent-env-bbb905d9-77c4-4f4b-b113-792c9c0d5bdc"><testcase classname="tests.test_iter32_regression.TestAuth" name="test_no_auth_currencies_401" time="0.278" /><testcase classname="tests.test_iter32_regression.TestAuth" name="test_no_auth_payments_401" time="0.223" /><testcase classname="tests.test_iter32_regression.TestAuth" name="test_no_auth_ledger_401" time="0.177" /><testcase classname="tests.test_iter32_regression.TestRefund" name="test_refund_cap_rejected" time="1.185" /><testcase classname="tests.test_iter32_regression.TestRefund" name="test_partial_refund_marks_partially_refunded" time="0.491" /><testcase classname="tests.test_iter32_regression.TestAuth" name="test_cross_tenant_denied_non_superadmin" time="0.879" /><testcase classname="tests.test_iter32_regression.TestAuth" name="test_permission_gate_provider_manage" time="0.104" /><testcase classname="tests.test_iter32_regression.TestWebhooksOutbound" name="test_create_endpoint_and_dispatch" time="0.294" /><testcase classname="tests.test_iter32_regression.TestRefund" name="test_full_refund_marks_refunded" time="0.200" /><testcase classname="tests.test_iter32_regression.TestRefund" name="test_refunds_list_includes_provider_key" time="0.080" /><testcase classname="tests.test_iter32_regression.TestPaymentIdempotency" name="test_same_key_returns_same_payment" time="0.000" /><testcase classname="tests.test_iter32_regression.TestPaymentIdempotency" name="test_different_key_creates_new_payment" time="0.163" /><testcase classname="tests.test_iter32_regression.TestWebhooksOutbound" name="test_replay_preserves_event_id" time="0.126" /><testcase classname="tests.test_iter32_regression.TestWebhooksOutbound" name="test_webhook_manage_permission_enforced" time="0.061" /><testcase classname="tests.test_iter32_regression.TestInboundProviderWebhook" name="test_unknown_provider_404" time="0.165" /><testcase classname="tests.test_iter32_regression.TestDemoUpiCheckout" name="test_upi_info_and_pay_success_then_double_pay_rejected" time="0.967" /><testcase classname="tests.test_iter32_regression.TestInboundProviderWebhook" name="test_mock_webhook_unmatched" time="0.173" /><testcase classname="tests.test_iter32_regression.TestReconciliationExport" name="test_run_and_export_has_method_column" time="0.296" /><testcase classname="tests.test_iter32_regression.TestReconciliationExport" name="test_cross_tenant_run_denied" time="0.491" /><testcase classname="tests.test_iter32_regression.TestDemoUpiCheckout" name="test_upi_failed_outcome_no_payment" time="0.439" /><testcase classname="tests.test_iter32_regression.TestLedgerInvariant" name="test_ledger_credit_for_payment" time="0.086" /><testcase classname="tests.test_iter32_regression.TestReversal" name="test_reverse_new_payment" time="0.371" /><testcase classname="tests.test_iter32_regression.TestCurrencyCatalog" name="test_catalog" time="0.071" /><testcase classname="tests.test_iter32_regression.TestReportsExport" name="test_payments_csv_has_method" time="0.084" /></testsuite></testsuites>