<?xml version="1.0" encoding="utf-8"?><testsuites name="pytest tests"><testsuite name="pytest" errors="0" failures="2" skipped="2" tests="26" time="2.396" timestamp="2026-09-05T10:40:58.706995+00:00" hostname="agent-env-bbb905d9-77c4-4f4b-b113-792c9c0d5bdc"><testcase classname="tests.test_iter35_razorpay.TestHealth" name="test_sandbox_health_up" time="0.793" /><testcase classname="tests.test_iter35_razorpay.TestTestConnection" name="test_sandbox_up" time="0.845" /><testcase classname="tests.test_iter35_razorpay.TestHealth" name="test_live_health_up" time="0.045" /><testcase classname="tests.test_iter35_razorpay.TestHealth" name="test_unknown_env" time="0.088" /><testcase classname="tests.test_iter35_razorpay.TestTestConnection" name="test_live_missing_creds_invalid" time="0.057" /><testcase classname="tests.test_iter35_razorpay.TestTestConnection" name="test_live_with_creds_up" time="0.054" /><testcase classname="tests.test_iter35_razorpay.TestTestConnection" name="test_no_secret_echoed" time="0.096" /><testcase classname="tests.test_iter35_razorpay.TestSandboxUpiAsyncWebhook" name="test_valid_webhook_reconciles_and_credits_once" time="0.178" /><testcase classname="tests.test_iter35_razorpay.TestTestConnection" name="test_ops_forbidden" time="0.101" /><testcase classname="tests.test_iter35_razorpay.TestSandboxUpiAsyncWebhook" name="test_duplicate_webhook_no_second_credit" time="0.208" /><testcase classname="tests.test_iter35_razorpay.TestIntentAndQr" name="test_generate_intent" time="0.057" /><testcase classname="tests.test_iter35_razorpay.TestIntentAndQr" name="test_generate_qr" time="0.097" /><testcase classname="tests.test_iter35_razorpay.TestStatusAndReconcile" name="test_status_endpoint" time="0.000"><skipped type="pytest.skip" message="no razorpay card payment id from earlier test">/app/backend/tests/test_iter35_razorpay.py:404: no razorpay card payment id from earlier test</skipped></testcase><testcase classname="tests.test_iter35_razorpay.TestStatusAndReconcile" name="test_reconcile_endpoint" time="0.000"><skipped type="pytest.skip" message="no razorpay card payment id from earlier test">/app/backend/tests/test_iter35_razorpay.py:421: no razorpay card payment id from earlier test</skipped></testcase><testcase classname="tests.test_iter35_razorpay.TestLiveSafety" name="test_live_no_account_rejected" time="0.091" /><testcase classname="tests.test_iter35_razorpay.TestSandboxUpiAsyncWebhook" name="test_bad_signature_returns_400" time="0.147" /><testcase classname="tests.test_iter35_razorpay.TestLiveSafety" name="test_live_account_without_creds_rejected" time="0.178" /><testcase classname="tests.test_iter35_razorpay.TestRefund" name="test_full_refund" time="0.107"><failure message="AssertionError: {&quot;detail&quot;:&quot;Not Found&quot;}&#10;assert 404 == 200&#10; +  where 404 = &lt;Response [404]&gt;.status_code">tests/test_iter35_razorpay.py:373: in test_full_refund
    assert rr.status_code == 200, rr.text[:300]
E   AssertionError: {"detail":"Not Found"}
E   assert 404 == 200
E    +  where 404 = &lt;Response [404]&gt;.status_code</failure></testcase><testcase classname="tests.test_iter35_razorpay.TestLivePathMocked" name="test_live_create_calls_orders_endpoint" time="0.040" /><testcase classname="tests.test_iter35_razorpay.TestRefund" name="test_partial_refund_and_over_refund_rejected" time="0.099"><failure message="AssertionError: {&quot;detail&quot;:&quot;Not Found&quot;}&#10;assert 404 == 200&#10; +  where 404 = &lt;Response [404]&gt;.status_code">tests/test_iter35_razorpay.py:391: in test_partial_refund_and_over_refund_rejected
    assert r1.status_code == 200, r1.text[:300]
E   AssertionError: {"detail":"Not Found"}
E   assert 404 == 200
E    +  where 404 = &lt;Response [404]&gt;.status_code</failure></testcase><testcase classname="tests.test_iter35_razorpay.TestLivePathMocked" name="test_live_missing_creds_raises_provider_error" time="0.000" /><testcase classname="tests.test_iter35_razorpay.TestSandboxCardDirect" name="test_card_direct_succeeded_with_credit" time="0.102" /><testcase classname="tests.test_iter35_razorpay.TestDiscoveryAndContract" name="test_razorpay_in_available" time="0.045" /><testcase classname="tests.test_iter35_razorpay.TestSecretLeakage" name="test_credentials_stored_as_ref_only" time="0.262" /><testcase classname="tests.test_iter35_razorpay.TestCapabilityEnforcement" name="test_unsupported_currency_rejected" time="0.049" /><testcase classname="tests.test_iter35_razorpay.TestNoCoreLeakage" name="test_no_razorpay_in_core_engine" time="0.002" /></testsuite></testsuites>