<?xml version="1.0" encoding="utf-8"?><testsuites name="pytest tests"><testsuite name="pytest" errors="0" failures="0" skipped="0" tests="12" time="2.760" timestamp="2026-09-04T10:16:56.297106+00:00" hostname="agent-env-bbb905d9-77c4-4f4b-b113-792c9c0d5bdc"><testcase classname="tests.test_iter28_demo_upi_currencies.TestCurrencies" name="test_requires_auth" time="0.170" /><testcase classname="tests.test_iter28_demo_upi_currencies.TestCurrencies" name="test_list" time="0.437" /><testcase classname="tests.test_iter28_demo_upi_currencies.TestDemoUpiCheckout" name="test_create_session" time="0.147" /><testcase classname="tests.test_iter28_demo_upi_currencies.TestDemoUpiCheckout" name="test_public_get_session" time="0.122" /><testcase classname="tests.test_iter28_demo_upi_currencies.TestDemoUpiCheckout" name="test_upi_info" time="0.205" /><testcase classname="tests.test_iter28_demo_upi_currencies.TestDemoUpiCheckout" name="test_upi_info_wrong_provider" time="0.180" /><testcase classname="tests.test_iter28_demo_upi_currencies.TestDemoUpiCheckout" name="test_upi_pay_simulated_failed" time="0.340" /><testcase classname="tests.test_iter28_demo_upi_currencies.TestDemoUpiCheckout" name="test_upi_pay_simulated_pending" time="0.208" /><testcase classname="tests.test_iter28_demo_upi_currencies.TestDemoUpiCheckout" name="test_upi_pay_success" time="0.537" /><testcase classname="tests.test_iter28_demo_upi_currencies.TestDemoUpiCheckout" name="test_upi_pay_qr_success" time="0.198" /><testcase classname="tests.test_iter28_demo_upi_currencies.TestProviderHealth" name="test_mock_health" time="0.074" /><testcase classname="tests.test_iter28_demo_upi_currencies.TestProviderHealth" name="test_demo_upi_health" time="0.069" /></testsuite></testsuites>