<?xml version="1.0" encoding="utf-8"?><testsuites name="pytest tests"><testsuite name="pytest" errors="0" failures="0" skipped="0" tests="42" time="10.803" timestamp="2026-09-04T13:25:59.544174+00:00" hostname="agent-env-bbb905d9-77c4-4f4b-b113-792c9c0d5bdc"><testcase classname="tests.test_iter32_regression.TestAuth" name="test_no_auth_currencies_401" time="0.391" /><testcase classname="tests.test_iter32_regression.TestAuth" name="test_no_auth_payments_401" time="0.160" /><testcase classname="tests.test_iter32_regression.TestAuth" name="test_no_auth_ledger_401" time="0.138" /><testcase classname="tests.test_iter32_regression.TestRefund" name="test_refund_cap_rejected" time="0.828" /><testcase classname="tests.test_iter32_regression.TestRefund" name="test_partial_refund_marks_partially_refunded" time="0.669" /><testcase classname="tests.test_iter32_regression.TestRefund" name="test_full_refund_marks_refunded" time="0.201" /><testcase classname="tests.test_iter32_regression.TestAuth" name="test_cross_tenant_denied_non_superadmin" time="0.950" /><testcase classname="tests.test_iter32_regression.TestAuth" name="test_permission_gate_provider_manage" time="0.117" /><testcase classname="tests.test_iter32_regression.TestRefund" name="test_refunds_list_includes_provider_key" time="0.077" /><testcase classname="tests.test_iter32_regression.TestWebhooksOutbound" name="test_create_endpoint_and_dispatch" time="0.602" /><testcase classname="tests.test_iter33_phase1_hardening.TestPaymentMethodFlowPersistence" name="test_card_direct_persisted_and_echoed" time="0.989" /><testcase classname="tests.test_iter32_regression.TestWebhooksOutbound" name="test_replay_preserves_event_id" time="0.178" /><testcase classname="tests.test_iter33_phase1_hardening.TestPaymentMethodFlowPersistence" name="test_demo_upi_persists_method_upi" time="0.939" /><testcase classname="tests.test_iter32_regression.TestWebhooksOutbound" name="test_webhook_manage_permission_enforced" time="0.515" /><testcase classname="tests.test_iter33_phase1_hardening.TestAsyncWebhookCredit" name="test_pending_to_succeeded_posts_exactly_one_credit" time="0.775" /><testcase classname="tests.test_iter33_phase1_hardening.TestPaymentMethodFlowPersistence" name="test_reports_csv_method_reflects_persisted_column" time="0.092" /><testcase classname="tests.test_iter33_phase1_hardening.TestPaymentMethodFlowPersistence" name="test_reconciliation_run_detail_method_summary_uses_column" time="0.310" /><testcase classname="tests.test_iter33_phase1_hardening.TestAsyncWebhookCredit" name="test_duplicate_webhook_is_idempotent" time="0.127" /><testcase classname="tests.test_iter33_phase1_hardening.TestAsyncWebhookCredit" name="test_no_duplicate_credit_for_sync_payment" time="0.367" /><testcase classname="tests.test_iter33_phase1_hardening.TestLiveSafety" name="test_live_demo_upi_rejected" time="0.104" /><testcase classname="tests.test_iter33_phase1_hardening.TestLiveSafety" name="test_live_no_account_rejected" time="0.112" /><testcase classname="tests.test_iter33_phase1_hardening.TestLiveSafety" name="test_live_account_without_credentials_rejected" time="0.339" /><testcase classname="tests.test_iter33_phase1_hardening.TestInvalidWebhook" name="test_malformed_body_returns_400" time="0.156" /><testcase classname="tests.test_iter33_phase1_hardening.TestInvalidWebhook" name="test_unknown_provider_txn_id_returns_unmatched" time="0.191" /><testcase classname="tests.test_iter33_phase1_hardening.TestInvalidWebhook" name="test_unknown_provider_key_returns_404" time="0.345" /><testcase classname="tests.test_iter32_regression.TestInboundProviderWebhook" name="test_unknown_provider_404" time="0.308" /><testcase classname="tests.test_iter32_regression.TestInboundProviderWebhook" name="test_mock_webhook_unmatched" time="0.155" /><testcase classname="tests.test_iter32_regression.TestPaymentIdempotency" name="test_same_key_returns_same_payment" time="0.805" /><testcase classname="tests.test_iter32_regression.TestPaymentIdempotency" name="test_different_key_creates_new_payment" time="0.489" /><testcase classname="tests.test_iter32_regression.TestDemoUpiCheckout" name="test_upi_info_and_pay_success_then_double_pay_rejected" time="1.072" /><testcase classname="tests.test_iter32_regression.TestReconciliationExport" name="test_run_and_export_has_method_column" time="0.785" /><testcase classname="tests.test_iter32_regression.TestReconciliationExport" name="test_cross_tenant_run_denied" time="0.736" /><testcase classname="tests.test_iter32_regression.TestDemoUpiCheckout" name="test_upi_failed_outcome_no_payment" time="0.526" /><testcase classname="tests.test_iter33_phase1_hardening.TestDemoUpiStillWorks" name="test_demo_upi_success_flow" time="0.942" /><testcase classname="tests.test_iter33_phase1_hardening.TestTenantIsolation" name="test_ops_cannot_read_captest_payments" time="1.202" /><testcase classname="tests.test_iter33_phase1_hardening.TestTenantIsolation" name="test_ops_cannot_read_captest_ledger" time="0.094" /><testcase classname="tests.test_iter33_phase1_hardening.TestDemoUpiStillWorks" name="test_demo_upi_failed_outcome_no_payment" time="0.445" /><testcase classname="tests.test_iter32_regression.TestCurrencyCatalog" name="test_catalog" time="0.554" /><testcase classname="tests.test_iter32_regression.TestReversal" name="test_reverse_new_payment" time="1.072" /><testcase classname="tests.test_iter32_regression.TestLedgerInvariant" name="test_ledger_credit_for_payment" time="0.935" /><testcase classname="tests.test_iter32_regression.TestReportsExport" name="test_payments_csv_has_method" time="0.301" /><testcase classname="tests.test_iter33_phase1_hardening.TestUnsupportedCapability" name="test_unsupported_currency_rejected" time="0.555" /></testsuite></testsuites>