<?xml version="1.0" encoding="utf-8"?><testsuites name="pytest tests"><testsuite name="pytest" errors="0" failures="1" skipped="0" tests="8" time="3.698" timestamp="2026-09-05T11:48:46.182493+00:00" hostname="agent-env-bbb905d9-77c4-4f4b-b113-792c9c0d5bdc"><testcase classname="tests.test_iter36_login_recovery.TestNonSuperAdminGuard" name="test_ops_cannot_access_superadmin_overview" time="0.788" /><testcase classname="tests.test_iter36_login_recovery.TestSuperAdminLoginRecovery" name="test_login_success_returns_200" time="0.730"><failure message="AssertionError: assert None == 'finance@vortexglobal.info'&#10; +  where None = &lt;built-in method get of dict object at 0xff7b6f74f000&gt;('email')&#10; +    where &lt;built-in method get of dict object at 0xff7b6f74f000&gt; = {}.get">backend/tests/test_iter36_login_recovery.py:48: in test_login_success_returns_200
    assert user.get("email") == ADMIN_EMAIL
E   AssertionError: assert None == 'finance@vortexglobal.info'
E    +  where None = &lt;built-in method get of dict object at 0xff7b6f74f000&gt;('email')
E    +    where &lt;built-in method get of dict object at 0xff7b6f74f000&gt; = {}.get</failure></testcase><testcase classname="tests.test_iter36_login_recovery.TestSuperAdminLoginRecovery" name="test_auth_me_returns_superadmin" time="0.638" /><testcase classname="tests.test_iter36_login_recovery.TestNonSuperAdminGuard" name="test_ops_cannot_read_other_tenant" time="1.192" /><testcase classname="tests.test_iter36_login_recovery.TestSuperAdminLoginRecovery" name="test_superadmin_overview_reachable" time="0.664" /><testcase classname="tests.test_iter36_login_recovery.TestLogoutRevokesSession" name="test_logout_then_me_401" time="0.732" /><testcase classname="tests.test_iter36_login_recovery.TestSuperAdminLoginRecovery" name="test_invalid_password_401" time="0.519" /><testcase classname="tests.test_iter36_login_recovery.TestSuperAdminLoginRecovery" name="test_seed_did_not_rotate_password" time="0.797" /></testsuite></testsuites>