<?xml version="1.0" encoding="utf-8"?><testsuites name="pytest tests"><testsuite name="pytest" errors="0" failures="0" skipped="0" tests="25" time="7.954" timestamp="2026-09-03T18:54:04.590861+00:00" hostname="agent-env-bbb905d9-77c4-4f4b-b113-792c9c0d5bdc"><testcase classname="tests.test_payment_acceptance" name="test_create_and_isolation_and_multiple" time="0.821" /><testcase classname="tests.test_capture_void.TestCapture" name="test_capture_authorized" time="0.677" /><testcase classname="tests.test_capture_void.TestCapture" name="test_duplicate_capture_rejected" time="0.167" /><testcase classname="tests.test_payment_acceptance" name="test_invalid_vpa_rejected" time="0.545" /><testcase classname="tests.test_capture_void.TestCapture" name="test_capture_idempotent_by_key" time="0.388" /><testcase classname="tests.test_capture_void.TestCapture" name="test_capture_beyond_authorized_rejected" time="0.105" /><testcase classname="tests.test_capture_void.TestCapture" name="test_capture_non_authorized_rejected" time="0.691" /><testcase classname="tests.test_payment_acceptance" name="test_duplicate_prevention" time="0.838" /><testcase classname="tests.test_capture_void.TestCapture" name="test_capture_no_duplicate_ledger_credit" time="0.182" /><testcase classname="tests.test_payment_acceptance" name="test_enable_disable_priority" time="0.543" /><testcase classname="tests.test_capture_void.TestCapture" name="test_capture_after_void_rejected" time="0.397" /><testcase classname="tests.test_capture_void.TestVoid" name="test_void_authorized" time="0.126" /><testcase classname="tests.test_capture_void.TestVoid" name="test_duplicate_void_rejected" time="0.388" /><testcase classname="tests.test_payment_acceptance" name="test_eligibility_filtering" time="0.481" /><testcase classname="tests.test_capture_void.TestVoid" name="test_void_idempotent_by_key" time="0.411" /><testcase classname="tests.test_payment_acceptance" name="test_request_verification_workflow" time="0.481" /><testcase classname="tests.test_capture_void.TestVoid" name="test_void_after_capture_rejected" time="0.173" /><testcase classname="tests.test_payment_acceptance" name="test_per_account_audit_trail" time="0.540" /><testcase classname="tests.test_capture_void.TestVoid" name="test_void_non_authorized_rejected" time="0.060" /><testcase classname="tests.test_capture_void.TestVoid" name="test_void_unwinds_credit_no_money_created" time="0.422" /><testcase classname="tests.test_capture_void.TestUnsupportedCapability" name="test_provider_without_capture_returns_normalized_error" time="0.006" /><testcase classname="tests.test_payment_acceptance" name="test_audit_masks_vpa_and_no_secret_leak" time="0.378" /><testcase classname="tests.test_capture_void.TestConcurrencyAndRbac" name="test_concurrent_capture_void_safety" time="0.412" /><testcase classname="tests.test_capture_void.TestConcurrencyAndRbac" name="test_capture_requires_permission" time="1.753" /><testcase classname="tests.test_capture_void.TestConcurrencyAndRbac" name="test_capture_cross_tenant_rejected" time="0.713" /></testsuite></testsuites>