<?xml version="1.0" encoding="utf-8"?><testsuites name="pytest tests"><testsuite name="pytest" errors="0" failures="0" skipped="0" tests="18" time="4.457" timestamp="2026-09-04T12:44:35.776651+00:00" hostname="agent-env-bbb905d9-77c4-4f4b-b113-792c9c0d5bdc"><testcase classname="tests.test_iter33_phase1_hardening.TestAsyncWebhookCredit" name="test_pending_to_succeeded_posts_exactly_one_credit" time="0.945" /><testcase classname="tests.test_iter33_phase1_hardening.TestAsyncWebhookCredit" name="test_duplicate_webhook_is_idempotent" time="0.121" /><testcase classname="tests.test_iter33_phase1_hardening.TestAsyncWebhookCredit" name="test_no_duplicate_credit_for_sync_payment" time="0.449" /><testcase classname="tests.test_iter33_phase1_hardening.TestPaymentMethodFlowPersistence" name="test_card_direct_persisted_and_echoed" time="0.217" /><testcase classname="tests.test_iter33_phase1_hardening.TestPaymentMethodFlowPersistence" name="test_demo_upi_persists_method_upi" time="0.501" /><testcase classname="tests.test_iter33_phase1_hardening.TestPaymentMethodFlowPersistence" name="test_reports_csv_method_reflects_persisted_column" time="0.103" /><testcase classname="tests.test_iter33_phase1_hardening.TestPaymentMethodFlowPersistence" name="test_reconciliation_run_detail_method_summary_uses_column" time="0.171" /><testcase classname="tests.test_iter33_phase1_hardening.TestLiveSafety" name="test_live_demo_upi_rejected" time="0.076" /><testcase classname="tests.test_iter33_phase1_hardening.TestLiveSafety" name="test_live_no_account_rejected" time="0.065" /><testcase classname="tests.test_iter33_phase1_hardening.TestLiveSafety" name="test_live_account_without_credentials_rejected" time="0.231" /><testcase classname="tests.test_iter33_phase1_hardening.TestUnsupportedCapability" name="test_unsupported_currency_rejected" time="0.068" /><testcase classname="tests.test_iter33_phase1_hardening.TestInvalidWebhook" name="test_malformed_body_returns_400" time="0.120" /><testcase classname="tests.test_iter33_phase1_hardening.TestInvalidWebhook" name="test_unknown_provider_txn_id_returns_unmatched" time="0.164" /><testcase classname="tests.test_iter33_phase1_hardening.TestInvalidWebhook" name="test_unknown_provider_key_returns_404" time="0.123" /><testcase classname="tests.test_iter33_phase1_hardening.TestTenantIsolation" name="test_ops_cannot_read_captest_payments" time="0.401" /><testcase classname="tests.test_iter33_phase1_hardening.TestTenantIsolation" name="test_ops_cannot_read_captest_ledger" time="0.058" /><testcase classname="tests.test_iter33_phase1_hardening.TestDemoUpiStillWorks" name="test_demo_upi_success_flow" time="0.344" /><testcase classname="tests.test_iter33_phase1_hardening.TestDemoUpiStillWorks" name="test_demo_upi_failed_outcome_no_payment" time="0.197" /></testsuite></testsuites>