<?xml version="1.0" encoding="utf-8"?><testsuites name="pytest tests"><testsuite name="pytest" errors="0" failures="0" skipped="0" tests="6" time="2.274" timestamp="2026-09-01T14:55:57.276476+00:00" hostname="agent-env-bbb905d9-77c4-4f4b-b113-792c9c0d5bdc"><testcase classname="tests.test_iter11_srd_public" name="test_available_lists_examplepsp_with_live" time="0.603" /><testcase classname="tests.test_iter11_srd_public" name="test_auto_routing_success_via_mock" time="0.411" /><testcase classname="tests.test_iter11_srd_public" name="test_auto_routing_failover_records_two_attempts" time="0.107" /><testcase classname="tests.test_iter11_srd_public" name="test_auto_routing_no_accounts_returns_400" time="0.215" /><testcase classname="tests.test_iter11_srd_public" name="test_examplepsp_credentials_are_referenced_not_returned" time="0.287" /><testcase classname="tests.test_iter11_srd_public" name="test_upi_intent_qr_and_status" time="0.585" /></testsuite></testsuites>