<?xml version="1.0" encoding="utf-8"?><testsuites name="pytest tests"><testsuite name="pytest" errors="0" failures="0" skipped="0" tests="2" time="1.243" timestamp="2026-09-04T10:47:55.251417+00:00" hostname="agent-env-bbb905d9-77c4-4f4b-b113-792c9c0d5bdc"><testcase classname="tests.test_iter31_method_filter_sparkline" name="test_refunds_all_returns_provider_key" time="0.614" /><testcase classname="tests.test_iter31_method_filter_sparkline" name="test_refunds_all_is_tenant_scoped" time="0.295" /></testsuite></testsuites>