<?xml version="1.0" encoding="utf-8"?><testsuites name="pytest tests"><testsuite name="pytest" errors="0" failures="0" skipped="0" tests="9" time="2.593" timestamp="2026-09-02T11:44:52.050847+00:00" hostname="agent-env-bbb905d9-77c4-4f4b-b113-792c9c0d5bdc"><testcase classname="tests.test_iter17_superadmin_email_rotation" name="test_login_new_email_success" time="0.561" /><testcase classname="tests.test_iter17_superadmin_email_rotation" name="test_login_old_email_should_fail" time="0.089" /><testcase classname="tests.test_iter17_superadmin_email_rotation" name="test_auth_me_reflects_superadmin" time="0.413" /><testcase classname="tests.test_iter17_superadmin_email_rotation" name="test_forgot_password_existing_generic" time="0.097" /><testcase classname="tests.test_iter17_superadmin_email_rotation" name="test_forgot_password_nonexistent_same_generic" time="0.089" /><testcase classname="tests.test_iter17_superadmin_email_rotation" name="test_forgot_password_no_enumeration_parity" time="0.206" /><testcase classname="tests.test_iter17_superadmin_email_rotation" name="test_superadmin_overview_accessible" time="0.097" /><testcase classname="tests.test_iter17_superadmin_email_rotation" name="test_only_one_superadmin_and_new_email" time="0.179" /><testcase classname="tests.test_iter17_superadmin_email_rotation" name="test_no_secret_leak_on_login_and_me_and_forgot" time="0.496" /></testsuite></testsuites>