<?xml version="1.0" encoding="utf-8"?><testsuites name="pytest tests"><testsuite name="pytest" errors="4" failures="3" skipped="0" tests="67" time="11.487" timestamp="2026-09-05T10:41:48.711828+00:00" hostname="agent-env-bbb905d9-77c4-4f4b-b113-792c9c0d5bdc"><testcase classname="tests.test_iter32_regression.TestAuth" name="test_no_auth_currencies_401" time="0.370" /><testcase classname="tests.test_iter32_regression.TestAuth" name="test_no_auth_payments_401" time="0.097" /><testcase classname="tests.test_iter34_provider_connect.TestTestConnection" name="test_mock_sandbox_up" time="0.423" /><testcase classname="tests.test_iter34_provider_connect.TestTestConnection" name="test_examplepsp_live_missing_credentials" time="0.047" /><testcase classname="tests.test_iter32_regression.TestAuth" name="test_no_auth_ledger_401" time="0.144" /><testcase classname="tests.test_iter34_provider_connect.TestTestConnection" name="test_examplepsp_live_with_credentials_up" time="0.046" /><testcase classname="tests.test_iter34_provider_connect.TestTestConnection" name="test_demo_upi_live_env_rejected" time="0.047" /><testcase classname="tests.test_iter34_provider_connect.TestTestConnection" name="test_unknown_provider_returns_404" time="0.081" /><testcase classname="tests.test_iter34_provider_connect.TestTestConnection" name="test_requires_provider_manage_permission" time="0.813" /><testcase classname="tests.test_iter34_provider_connect.TestTestConnection" name="test_response_never_echoes_credentials" time="0.045" /><testcase classname="tests.test_iter32_regression.TestAuth" name="test_cross_tenant_denied_non_superadmin" time="0.899" /><testcase classname="tests.test_iter32_regression.TestAuth" name="test_permission_gate_provider_manage" time="0.051" /><testcase classname="tests.test_iter34_provider_connect.TestTestConnection" name="test_test_connection_does_not_persist" time="0.105" /><testcase classname="tests.test_iter34_provider_connect.TestAcceptanceMapping" name="test_persists_valid_acceptance_account_id" time="0.670"><error message="failed on setup with &quot;AssertionError: acme should have a sandbox UPI acceptance account seeded&#10;assert None&quot;">E   AssertionError: acme should have a sandbox UPI acceptance account seeded
    assert None</error></testcase><testcase classname="tests.test_iter34_provider_connect.TestAcceptanceMapping" name="test_random_acceptance_id_rejected" time="0.155" /><testcase classname="tests.test_iter32_regression.TestRefund" name="test_refund_cap_rejected" time="0.826" /><testcase classname="tests.test_iter34_provider_connect.TestAcceptanceMapping" name="test_wrong_environment_rejected" time="0.000"><error message="failed on setup with &quot;AssertionError: acme should have a sandbox UPI acceptance account seeded&#10;assert None&quot;">E   AssertionError: acme should have a sandbox UPI acceptance account seeded
    assert None</error></testcase><testcase classname="tests.test_iter34_provider_connect.TestAcceptanceMapping" name="test_disabled_account_rejected" time="0.000"><error message="failed on setup with &quot;AssertionError: acme should have a sandbox UPI acceptance account seeded&#10;assert None&quot;">E   AssertionError: acme should have a sandbox UPI acceptance account seeded
    assert None</error></testcase><testcase classname="tests.test_iter34_provider_connect.TestAcceptanceMapping" name="test_other_tenant_acceptance_rejected" time="0.000"><error message="failed on setup with &quot;AssertionError: acme should have a sandbox UPI acceptance account seeded&#10;assert None&quot;">E   AssertionError: acme should have a sandbox UPI acceptance account seeded
    assert None</error></testcase><testcase classname="tests.test_iter32_regression.TestRefund" name="test_partial_refund_marks_partially_refunded" time="0.373" /><testcase classname="tests.test_iter32_regression.TestRefund" name="test_full_refund_marks_refunded" time="0.140" /><testcase classname="tests.test_iter33_phase1_hardening.TestPaymentMethodFlowPersistence" name="test_card_direct_persisted_and_echoed" time="0.623" /><testcase classname="tests.test_iter32_regression.TestRefund" name="test_refunds_list_includes_provider_key" time="0.048" /><testcase classname="tests.test_iter33_phase1_hardening.TestPaymentMethodFlowPersistence" name="test_demo_upi_persists_method_upi" time="0.411" /><testcase classname="tests.test_iter34_provider_connect.TestDynamicDiscovery" name="test_available_returns_plugin_metadata" time="0.377" /><testcase classname="tests.test_iter34_provider_connect.TestDynamicDiscovery" name="test_examplepsp_declares_required_credentials" time="0.049" /><testcase classname="tests.test_iter34_provider_connect.TestDynamicDiscovery" name="test_demo_upi_is_sandbox_only" time="0.047" /><testcase classname="tests.test_iter33_phase1_hardening.TestPaymentMethodFlowPersistence" name="test_reports_csv_method_reflects_persisted_column" time="0.054" /><testcase classname="tests.test_iter34_provider_connect.TestDynamicDiscovery" name="test_examplepsp_supports_live" time="0.046" /><testcase classname="tests.test_iter33_phase1_hardening.TestPaymentMethodFlowPersistence" name="test_reconciliation_run_detail_method_summary_uses_column" time="0.118" /><testcase classname="tests.test_iter33_phase1_hardening.TestAsyncWebhookCredit" name="test_pending_to_succeeded_posts_exactly_one_credit" time="0.380" /><testcase classname="tests.test_iter32_regression.TestWebhooksOutbound" name="test_create_endpoint_and_dispatch" time="0.740" /><testcase classname="tests.test_iter33_phase1_hardening.TestAsyncWebhookCredit" name="test_duplicate_webhook_is_idempotent" time="0.141" /><testcase classname="tests.test_iter33_phase1_hardening.TestAsyncWebhookCredit" name="test_no_duplicate_credit_for_sync_payment" time="0.168" /><testcase classname="tests.test_iter32_regression.TestWebhooksOutbound" name="test_replay_preserves_event_id" time="0.114" /><testcase classname="tests.test_iter33_phase1_hardening.TestLiveSafety" name="test_live_demo_upi_rejected" time="0.053" /><testcase classname="tests.test_iter33_phase1_hardening.TestLiveSafety" name="test_live_no_account_rejected" time="0.050" /><testcase classname="tests.test_iter33_phase1_hardening.TestLiveSafety" name="test_live_account_without_credentials_rejected" time="0.370" /><testcase classname="tests.test_iter32_regression.TestWebhooksOutbound" name="test_webhook_manage_permission_enforced" time="0.393" /><testcase classname="tests.test_iter33_phase1_hardening.TestInvalidWebhook" name="test_malformed_body_returns_400" time="0.315" /><testcase classname="tests.test_iter33_phase1_hardening.TestInvalidWebhook" name="test_unknown_provider_txn_id_returns_unmatched" time="0.130" /><testcase classname="tests.test_iter34_provider_connect.TestPermissionIsolation" name="test_ops_cannot_test_connection" time="0.369" /><testcase classname="tests.test_iter34_provider_connect.TestPermissionIsolation" name="test_ops_cannot_post_providers" time="0.046" /><testcase classname="tests.test_iter33_phase1_hardening.TestInvalidWebhook" name="test_unknown_provider_key_returns_404" time="0.298" /><testcase classname="tests.test_iter34_provider_connect.TestPermissionIsolation" name="test_ops_cannot_read_other_tenant_providers" time="0.662"><failure message="assert 200 in (403, 404)&#10; +  where 200 = &lt;Response [200]&gt;.status_code">E   assert 200 in (403, 404)
     +  where 200 = &lt;Response [200]&gt;.status_code</failure></testcase><testcase classname="tests.test_iter32_regression.TestInboundProviderWebhook" name="test_unknown_provider_404" time="0.133" /><testcase classname="tests.test_iter32_regression.TestInboundProviderWebhook" name="test_mock_webhook_unmatched" time="0.141" /><testcase classname="tests.test_iter32_regression.TestPaymentIdempotency" name="test_same_key_returns_same_payment" time="0.544" /><testcase classname="tests.test_iter32_regression.TestPaymentIdempotency" name="test_different_key_creates_new_payment" time="0.079" /><testcase classname="tests.test_iter32_regression.TestDemoUpiCheckout" name="test_upi_info_and_pay_success_then_double_pay_rejected" time="0.611" /><testcase classname="tests.test_iter32_regression.TestReconciliationExport" name="test_run_and_export_has_method_column" time="0.562" /><testcase classname="tests.test_iter32_regression.TestDemoUpiCheckout" name="test_upi_failed_outcome_no_payment" time="0.488" /><testcase classname="tests.test_iter32_regression.TestReconciliationExport" name="test_cross_tenant_run_denied" time="0.454" /><testcase classname="tests.test_iter33_phase1_hardening.TestDemoUpiStillWorks" name="test_demo_upi_success_flow" time="0.920" /><testcase classname="tests.test_iter33_phase1_hardening.TestTenantIsolation" name="test_ops_cannot_read_captest_payments" time="1.000"><failure message="assert 200 in (403, 404)&#10; +  where 200 = &lt;Response [200]&gt;.status_code">E   assert 200 in (403, 404)
     +  where 200 = &lt;Response [200]&gt;.status_code</failure></testcase><testcase classname="tests.test_iter33_phase1_hardening.TestTenantIsolation" name="test_ops_cannot_read_captest_ledger" time="0.100"><failure message="assert 200 in (403, 404)&#10; +  where 200 = &lt;Response [200]&gt;.status_code">E   assert 200 in (403, 404)
     +  where 200 = &lt;Response [200]&gt;.status_code</failure></testcase><testcase classname="tests.test_iter33_phase1_hardening.TestDemoUpiStillWorks" name="test_demo_upi_failed_outcome_no_payment" time="0.160" /><testcase classname="tests.test_iter32_regression.TestCurrencyCatalog" name="test_catalog" time="0.535" /><testcase classname="tests.test_iter34_provider_connect.TestPluginAgnostic" name="test_all_reference_plugins_go_through_same_endpoint" time="0.897" /><testcase classname="tests.test_iter34_provider_connect.TestPluginAgnostic" name="test_no_hardcoded_provider_names_in_endpoint_logic" time="0.001" /><testcase classname="tests.test_iter32_regression.TestLedgerInvariant" name="test_ledger_credit_for_payment" time="0.343" /><testcase classname="tests.test_iter32_regression.TestReportsExport" name="test_payments_csv_has_method" time="0.270" /><testcase classname="tests.test_iter32_regression.TestReversal" name="test_reverse_new_payment" time="1.135" /><testcase classname="tests.test_iter33_phase1_hardening.TestUnsupportedCapability" name="test_unsupported_currency_rejected" time="0.472" /><testcase classname="tests.test_iter34_provider_connect.TestDuplicateProvider" name="test_duplicate_provider_env_rejected" time="0.916" /><testcase classname="tests.test_iter34_provider_connect.TestSecureCredentialBinding" name="test_credentials_never_echoed_and_ref_stored" time="0.725" /><testcase classname="tests.test_iter34_provider_connect.TestLiveSafety" name="test_live_demo_upi_at_provider_create_rejected" time="0.058" /></testsuite></testsuites>