<?xml version="1.0" encoding="utf-8"?><testsuites name="pytest tests"><testsuite name="pytest" errors="0" failures="0" skipped="0" tests="7" time="2.247" timestamp="2026-09-02T11:53:27.293782+00:00" hostname="agent-env-bbb905d9-77c4-4f4b-b113-792c9c0d5bdc"><testcase classname="tests.test_iter18_login_bug_verification" name="test_login_success_super_admin" time="0.413" /><testcase classname="tests.test_iter18_login_bug_verification" name="test_login_response_body_has_no_secrets" time="0.000" /><testcase classname="tests.test_iter18_login_bug_verification" name="test_auth_me_returns_superadmin" time="0.183" /><testcase classname="tests.test_iter18_login_bug_verification" name="test_wrong_password_returns_401_generic" time="0.460" /><testcase classname="tests.test_iter18_login_bug_verification" name="test_unknown_email_returns_401_generic" time="0.145" /><testcase classname="tests.test_iter18_login_bug_verification" name="test_login_error_bodies_are_indistinguishable" time="0.575" /><testcase classname="tests.test_iter18_login_bug_verification" name="test_superadmin_overview_accessible" time="0.146" /></testsuite></testsuites>