<?xml version="1.0" encoding="utf-8"?><testsuites name="pytest tests"><testsuite name="pytest" errors="0" failures="0" skipped="0" tests="27" time="8.108" timestamp="2026-09-03T19:10:44.272799+00:00" hostname="agent-env-bbb905d9-77c4-4f4b-b113-792c9c0d5bdc"><testcase classname="tests.test_payment_acceptance" name="test_create_and_isolation_and_multiple" time="0.471" /><testcase classname="tests.test_payment_acceptance" name="test_invalid_vpa_rejected" time="0.529" /><testcase classname="tests.test_payment_acceptance" name="test_duplicate_prevention" time="0.445" /><testcase classname="tests.test_payment_acceptance" name="test_enable_disable_priority" time="0.494" /><testcase classname="tests.test_payment_acceptance" name="test_eligibility_filtering" time="0.441" /><testcase classname="tests.test_payment_acceptance" name="test_request_verification_workflow" time="0.444" /><testcase classname="tests.test_payment_acceptance" name="test_per_account_audit_trail" time="0.491" /><testcase classname="tests.test_payment_acceptance" name="test_manual_verification_decision" time="0.681" /><testcase classname="tests.test_payment_acceptance" name="test_csv_export" time="0.395" /><testcase classname="tests.test_payment_acceptance" name="test_audit_masks_vpa_and_no_secret_leak" time="0.361" /><testcase classname="tests.test_capture_void.TestCapture" name="test_capture_authorized" time="0.393" /><testcase classname="tests.test_capture_void.TestCapture" name="test_duplicate_capture_rejected" time="0.152" /><testcase classname="tests.test_capture_void.TestCapture" name="test_capture_idempotent_by_key" time="0.156" /><testcase classname="tests.test_capture_void.TestCapture" name="test_capture_beyond_authorized_rejected" time="0.102" /><testcase classname="tests.test_capture_void.TestCapture" name="test_capture_non_authorized_rejected" time="0.101" /><testcase classname="tests.test_capture_void.TestCapture" name="test_capture_no_duplicate_ledger_credit" time="0.166" /><testcase classname="tests.test_capture_void.TestCapture" name="test_capture_after_void_rejected" time="0.153" /><testcase classname="tests.test_capture_void.TestVoid" name="test_void_authorized" time="0.105" /><testcase classname="tests.test_capture_void.TestVoid" name="test_duplicate_void_rejected" time="0.152" /><testcase classname="tests.test_capture_void.TestVoid" name="test_void_idempotent_by_key" time="0.152" /><testcase classname="tests.test_capture_void.TestVoid" name="test_void_after_capture_rejected" time="0.150" /><testcase classname="tests.test_capture_void.TestVoid" name="test_void_non_authorized_rejected" time="0.100" /><testcase classname="tests.test_capture_void.TestVoid" name="test_void_unwinds_credit_no_money_created" time="0.209" /><testcase classname="tests.test_capture_void.TestConcurrencyAndRbac" name="test_concurrent_capture_void_safety" time="0.125" /><testcase classname="tests.test_capture_void.TestConcurrencyAndRbac" name="test_capture_requires_permission" time="0.376" /><testcase classname="tests.test_capture_void.TestConcurrencyAndRbac" name="test_capture_cross_tenant_rejected" time="0.674" /><testcase classname="tests.test_capture_void.TestUnsupportedCapability" name="test_provider_without_capture_returns_normalized_error" time="0.006" /></testsuite></testsuites>