<?xml version="1.0" encoding="utf-8"?><testsuites name="pytest tests"><testsuite name="pytest" errors="0" failures="0" skipped="1" tests="11" time="2.263" timestamp="2026-09-02T10:00:36.769213+00:00" hostname="agent-env-bbb905d9-77c4-4f4b-b113-792c9c0d5bdc"><testcase classname="tests.test_stripe_adapter_integration.TestAuthRegression" name="test_valid_login" time="0.484" /><testcase classname="tests.test_stripe_adapter_integration.TestAuthRegression" name="test_invalid_password_rejected" time="0.458" /><testcase classname="tests.test_stripe_adapter_integration.TestStripeDiscovery" name="test_providers_available_lists_stripe" time="1.104" /><testcase classname="tests.test_stripe_adapter_integration.TestStripeDiscovery" name="test_stripe_capabilities" time="0.245" /><testcase classname="tests.test_stripe_adapter_integration.TestStripeDiscovery" name="test_stripe_health" time="0.129"><skipped type="pytest.skip" message="STRIPE_API_KEY not present in backend process env — flagged in test report as config gap.">/app/backend/tests/test_stripe_adapter_integration.py:142: STRIPE_API_KEY not present in backend process env — flagged in test report as config gap.</skipped></testcase><testcase classname="tests.test_stripe_adapter_integration.TestExistingProviders" name="test_mock_capabilities" time="0.616" /><testcase classname="tests.test_stripe_adapter_integration.TestStripeDiscovery" name="test_unknown_provider_returns_404" time="0.134" /><testcase classname="tests.test_stripe_adapter_integration.TestExistingProviders" name="test_example_capabilities" time="0.127" /><testcase classname="tests.test_stripe_adapter_integration.TestPaymentRegression" name="test_create_mock_payment_acme" time="0.314" /><testcase classname="tests.test_stripe_adapter_integration.TestAuthzSpotCheck" name="test_unauthed_payments_rejected" time="0.129" /><testcase classname="tests.test_stripe_adapter_integration.TestAuthzSpotCheck" name="test_unauthed_providers_available_rejected" time="0.121" /></testsuite></testsuites>