<?xml version="1.0" encoding="utf-8"?><testsuites name="pytest tests"><testsuite name="pytest" errors="0" failures="0" skipped="0" tests="127" time="53.499" timestamp="2026-09-01T14:50:34.205855+00:00" hostname="agent-env-bbb905d9-77c4-4f4b-b113-792c9c0d5bdc"><testcase classname="tests.test_auth_security" name="test_expired_access_token_rejected" time="0.324" /><testcase classname="tests.test_auth_security" name="test_revoked_session_rejected" time="0.381" /><testcase classname="tests.test_auth_security" name="test_revoke_all_invalidates_token" time="0.355" /><testcase classname="tests.test_auth_security" name="test_failed_login_lockout" time="1.658" /><testcase classname="tests.test_auth_security" name="test_cross_tenant_access_denied" time="0.559" /><testcase classname="tests.test_auth_security" name="test_mfa_enforced_no_bypass" time="0.756" /><testcase classname="tests.test_auth_security" name="test_privileged_user_flagged_for_mfa" time="0.255" /><testcase classname="tests.test_auth_security" name="test_reset_token_reuse_prevented" time="0.588" /><testcase classname="tests.test_auth_security" name="test_reset_token_expiry_enforced" time="0.318" /><testcase classname="tests.test_authz_isolation" name="test_cross_tenant_get_denied" time="1.242" /><testcase classname="tests.test_authz_isolation" name="test_cross_tenant_post_denied" time="0.046" /><testcase classname="tests.test_authz_isolation" name="test_cross_tenant_guessed_id_denied" time="1.026" /><testcase classname="tests.test_authz_isolation" name="test_cross_tenant_export_denied" time="0.046" /><testcase classname="tests.test_authz_isolation" name="test_api_key_is_tenant_scoped" time="0.136" /><testcase classname="tests.test_authz_isolation" name="test_revoked_api_key_denied" time="0.165" /><testcase classname="tests.test_authz_isolation" name="test_insufficient_permission_denied" time="0.050" /><testcase classname="tests.test_authz_isolation" name="test_feature_entitlement_enforced_on_backend" time="0.211" /><testcase classname="tests.test_authz_isolation" name="test_superadmin_cross_tenant_allowed" time="0.056" /><testcase classname="tests.test_authz_isolation" name="test_same_tenant_access_allowed" time="0.056" /><testcase classname="tests.test_commerce.TestApiKeys" name="test_create_and_list_and_revoke" time="0.552" /><testcase classname="tests.test_commerce.TestApiKeys" name="test_bad_api_key_rejected" time="0.044" /><testcase classname="tests.test_commerce.TestHostedCheckout" name="test_create_session_public_and_pay" time="1.399" /><testcase classname="tests.test_commerce.TestHostedCheckout" name="test_public_get_missing_token" time="0.022" /><testcase classname="tests.test_commerce.TestWebhooks" name="test_events_and_endpoint_lifecycle" time="6.704" /><testcase classname="tests.test_commerce.TestCsvExports" name="test_csv_export[payments.csv]" time="0.054" /><testcase classname="tests.test_commerce.TestCsvExports" name="test_csv_export[settlements.csv]" time="0.049" /><testcase classname="tests.test_commerce.TestCsvExports" name="test_csv_export[ledger.csv]" time="0.052" /><testcase classname="tests.test_commerce.TestCsvExports" name="test_csv_requires_auth" time="0.021" /><testcase classname="tests.test_extended" name="test_dashboard_summary" time="0.328" /><testcase classname="tests.test_extended" name="test_providers_available" time="0.046" /><testcase classname="tests.test_extended" name="test_fee_rule_create_and_list" time="0.097" /><testcase classname="tests.test_extended" name="test_settlement_generate" time="0.097" /><testcase classname="tests.test_extended" name="test_feature_flags_list_and_toggle" time="0.144" /><testcase classname="tests.test_extended" name="test_users_and_roles" time="0.059" /><testcase classname="tests.test_extended" name="test_refunds_list" time="0.048" /><testcase classname="tests.test_extended" name="test_create_tenant" time="0.049" /><testcase classname="tests.test_extended" name="test_google_login_redirect_url_exists" time="0.021" /><testcase classname="tests.test_foundation" name="test_health" time="0.021" /><testcase classname="tests.test_foundation" name="test_root" time="0.043" /><testcase classname="tests.test_foundation" name="test_login_success_and_me" time="0.274" /><testcase classname="tests.test_foundation" name="test_login_wrong_password" time="0.254" /><testcase classname="tests.test_foundation" name="test_unauthenticated_blocked" time="0.001" /><testcase classname="tests.test_foundation" name="test_register_and_isolation" time="0.292" /><testcase classname="tests.test_foundation" name="test_payment_and_fee" time="1.030" /><testcase classname="tests.test_foundation" name="test_sandbox_decline" time="0.052" /><testcase classname="tests.test_foundation" name="test_refund_flow" time="1.693" /><testcase classname="tests.test_foundation" name="test_ledger_and_turnover" time="0.093" /><testcase classname="tests.test_foundation" name="test_audit_log_written" time="0.014" /><testcase classname="tests.test_foundation" name="test_boundaries_disabled" time="0.045" /><testcase classname="tests.test_foundation" name="test_live_provider_blocked" time="0.047" /><testcase classname="tests.test_iteration3.TestBranding" name="test_patch_accent_color" time="0.345" /><testcase classname="tests.test_iteration3.TestBranding" name="test_upload_logo_and_public_serve" time="0.371" /><testcase classname="tests.test_iteration3.TestBranding" name="test_public_checkout_returns_branding" time="0.029" /><testcase classname="tests.test_iteration3.TestBranding" name="test_bad_image_rejected" time="0.045" /><testcase classname="tests.test_iteration3.TestWebhookRetries" name="test_500_marks_retrying" time="2.186" /><testcase classname="tests.test_iteration3.TestWebhookRetries" name="test_400_marks_failed_no_retry" time="2.603" /><testcase classname="tests.test_iteration3.TestWebhookRetries" name="test_replay_preserves_event_id_and_audit" time="0.340" /><testcase classname="tests.test_iteration3.TestScheduledReports" name="test_run_now_and_download" time="0.431" /><testcase classname="tests.test_iteration3.TestScheduledReports" name="test_download_requires_auth" time="0.303" /><testcase classname="tests.test_iteration3.TestScheduledReports" name="test_public_files_rejects_report" time="0.239" /><testcase classname="tests.test_payment_state" name="test_valid_transitions_allowed" time="0.000" /><testcase classname="tests.test_payment_state" name="test_invalid_transitions_rejected[succeeded-pending]" time="0.000" /><testcase classname="tests.test_payment_state" name="test_invalid_transitions_rejected[failed-succeeded]" time="0.000" /><testcase classname="tests.test_payment_state" name="test_invalid_transitions_rejected[cancelled-succeeded]" time="0.000" /><testcase classname="tests.test_payment_state" name="test_invalid_transitions_rejected[refunded-partially_refunded]" time="0.000" /><testcase classname="tests.test_payment_state" name="test_idempotent_payment_creation" time="1.812" /><testcase classname="tests.test_payment_state" name="test_no_client_status_injection" time="1.115" /><testcase classname="tests.test_payment_state" name="test_sandbox_decline_no_ledger_credit" time="0.052" /><testcase classname="tests.test_payment_state" name="test_duplicate_and_over_refund" time="1.479" /><testcase classname="tests.test_payment_state" name="test_full_refund_then_no_further_refund" time="1.745" /><testcase classname="tests.test_payment_state_invariants" name="test_success_payment_posts_exactly_one_credit_and_is_idempotent" time="2.319" /><testcase classname="tests.test_payment_state_invariants" name="test_failed_payment_posts_no_ledger_credit" time="0.154" /><testcase classname="tests.test_payment_state_invariants" name="test_refund_posts_single_debit_and_is_idempotent" time="1.574" /><testcase classname="tests.test_payment_state_invariants" name="test_audit_contains_state_transition_and_correlation_id" time="1.094" /><testcase classname="tests.test_payment_state_invariants" name="test_refund_audit_has_previous_and_new_state" time="1.743" /><testcase classname="tests.test_provider_accounts" name="test_secret_store_roundtrip_and_encrypted_at_rest" time="0.055" /><testcase classname="tests.test_provider_accounts" name="test_add_provider_with_credentials_stores_reference_only" time="0.352" /><testcase classname="tests.test_provider_accounts" name="test_per_environment_accounts_and_duplicate_guard" time="0.091" /><testcase classname="tests.test_provider_accounts" name="test_enable_disable_and_rotate_credentials" time="0.213" /><testcase classname="tests.test_provider_accounts" name="test_disabled_account_blocks_payment" time="0.190" /><testcase classname="tests.test_provider_accounts" name="test_delete_provider_account" time="0.143" /><testcase classname="tests.test_provider_accounts" name="test_payment_environment_selection" time="1.096" /><testcase classname="tests.test_provider_accounts" name="test_payment_defaults_to_sandbox" time="2.252" /><testcase classname="tests.test_provider_architecture" name="test_mock_implements_generic_contract" time="0.000" /><testcase classname="tests.test_provider_architecture" name="test_capability_interface_shape" time="0.000" /><testcase classname="tests.test_provider_architecture" name="test_credential_reference_interface_holds_no_secrets" time="0.000" /><testcase classname="tests.test_provider_architecture" name="test_sandbox_live_mode_abstraction" time="0.000" /><testcase classname="tests.test_provider_architecture" name="test_health_check_interface" time="0.000" /><testcase classname="tests.test_provider_architecture" name="test_charge_and_refund_contract" time="0.000" /><testcase classname="tests.test_provider_architecture" name="test_verify_webhook_returns_normalized_event" time="0.000" /><testcase classname="tests.test_provider_architecture" name="test_registry_isolation_and_discovery" time="0.000" /><testcase classname="tests.test_provider_architecture" name="test_core_has_no_provider_specific_imports" time="0.181" /><testcase classname="tests.test_provider_architecture" name="test_discovery_endpoint_lists_only_mock" time="0.299" /><testcase classname="tests.test_provider_architecture" name="test_capabilities_and_health_endpoints" time="0.134" /><testcase classname="tests.test_provider_architecture" name="test_live_is_gated_by_capability_not_permanently_blocked" time="0.092" /><testcase classname="tests.test_provider_architecture" name="test_unknown_provider_plugin_rejected" time="0.046" /><testcase classname="tests.test_provider_architecture" name="test_generic_inbound_webhook_reconciles_via_contract" time="2.364" /><testcase classname="tests.test_provider_architecture" name="test_generic_inbound_webhook_unmatched_and_ignored" time="0.067" /><testcase classname="tests.test_provider_architecture" name="test_contract_exposes_all_srd_methods" time="0.000" /><testcase classname="tests.test_provider_architecture" name="test_plugin_is_composed_of_building_blocks" time="0.000" /><testcase classname="tests.test_provider_architecture" name="test_capabilities_include_flows_and_flags" time="0.000" /><testcase classname="tests.test_provider_architecture" name="test_create_payment_status_and_reconcile" time="0.000" /><testcase classname="tests.test_provider_architecture" name="test_intent_and_qr_generation" time="0.000" /><testcase classname="tests.test_provider_architecture" name="test_status_mapper_normalizes_provider_statuses" time="0.000" /><testcase classname="tests.test_provider_architecture" name="test_intent_endpoint" time="0.006" /><testcase classname="tests.test_provider_architecture" name="test_qr_endpoint" time="0.047" /><testcase classname="tests.test_provider_architecture" name="test_status_and_reconcile_endpoints" time="2.615" /><testcase classname="tests.test_provider_architecture" name="test_flow_endpoints_reject_unknown_provider" time="0.093" /><testcase classname="tests.test_provider_architecture" name="test_capabilities_expose_supported_environments" time="0.000" /><testcase classname="tests.test_provider_architecture" name="test_supports_environment" time="0.000" /><testcase classname="tests.test_provider_architecture" name="test_environment_aware_health_check" time="0.000" /><testcase classname="tests.test_provider_architecture" name="test_provider_configuration_environment_helpers" time="0.000" /><testcase classname="tests.test_provider_architecture" name="test_live_environment_is_defined_not_removed" time="0.000" /><testcase classname="tests.test_provider_architecture" name="test_health_endpoint_is_environment_aware" time="0.089" /><testcase classname="tests.test_provider_architecture" name="test_capabilities_endpoint_exposes_environments" time="0.045" /><testcase classname="tests.test_routing_and_upi" name="test_secret_store_backend_is_configurable_encrypted_db" time="0.000" /><testcase classname="tests.test_routing_and_upi" name="test_example_provider_declares_sandbox_and_live" time="0.000" /><testcase classname="tests.test_routing_and_upi" name="test_example_provider_sandbox_simulates_success" time="0.000" /><testcase classname="tests.test_routing_and_upi" name="test_example_provider_live_requires_credentials" time="0.000" /><testcase classname="tests.test_routing_and_upi" name="test_mock_upi_intent_and_qr_are_simulated" time="0.000" /><testcase classname="tests.test_routing_and_upi" name="test_mock_upi_status_lifecycle" time="0.000" /><testcase classname="tests.test_routing_and_upi" name="test_auto_routing_uses_highest_priority" time="0.452" /><testcase classname="tests.test_routing_and_upi" name="test_auto_routing_fails_over_to_next_provider" time="0.053" /><testcase classname="tests.test_routing_and_upi" name="test_auto_routing_no_accounts_errors" time="0.096" /><testcase classname="tests.test_routing_and_upi" name="test_example_provider_is_discoverable_with_live" time="0.046" /><testcase classname="tests.test_routing_and_upi" name="test_upi_intent_and_qr_endpoints" time="0.091" /><testcase classname="tests.test_routing_and_upi" name="test_upi_status_endpoint_reports_state" time="0.092" /></testsuite></testsuites>