<?xml version="1.0" encoding="utf-8"?><testsuites name="pytest tests"><testsuite name="pytest" errors="0" failures="0" skipped="0" tests="25" time="3.551" timestamp="2026-09-04T13:25:50.354585+00:00" hostname="agent-env-bbb905d9-77c4-4f4b-b113-792c9c0d5bdc"><testcase classname="tests.test_iter34_provider_connect.TestTestConnection" name="test_mock_sandbox_up" time="0.863" /><testcase classname="tests.test_iter34_provider_connect.TestAcceptanceMapping" name="test_persists_valid_acceptance_account_id" time="1.101" /><testcase classname="tests.test_iter34_provider_connect.TestTestConnection" name="test_examplepsp_live_missing_credentials" time="0.089" /><testcase classname="tests.test_iter34_provider_connect.TestTestConnection" name="test_examplepsp_live_with_credentials_up" time="0.073" /><testcase classname="tests.test_iter34_provider_connect.TestTestConnection" name="test_demo_upi_live_env_rejected" time="0.073" /><testcase classname="tests.test_iter34_provider_connect.TestTestConnection" name="test_unknown_provider_returns_404" time="0.073" /><testcase classname="tests.test_iter34_provider_connect.TestAcceptanceMapping" name="test_random_acceptance_id_rejected" time="0.147" /><testcase classname="tests.test_iter34_provider_connect.TestAcceptanceMapping" name="test_wrong_environment_rejected" time="0.388" /><testcase classname="tests.test_iter34_provider_connect.TestTestConnection" name="test_requires_provider_manage_permission" time="0.524" /><testcase classname="tests.test_iter34_provider_connect.TestAcceptanceMapping" name="test_disabled_account_rejected" time="0.202" /><testcase classname="tests.test_iter34_provider_connect.TestTestConnection" name="test_response_never_echoes_credentials" time="0.113" /><testcase classname="tests.test_iter34_provider_connect.TestAcceptanceMapping" name="test_other_tenant_acceptance_rejected" time="0.293" /><testcase classname="tests.test_iter34_provider_connect.TestTestConnection" name="test_test_connection_does_not_persist" time="0.156" /><testcase classname="tests.test_iter34_provider_connect.TestPermissionIsolation" name="test_ops_cannot_test_connection" time="0.133" /><testcase classname="tests.test_iter34_provider_connect.TestPermissionIsolation" name="test_ops_cannot_post_providers" time="0.106" /><testcase classname="tests.test_iter34_provider_connect.TestDynamicDiscovery" name="test_available_returns_plugin_metadata" time="0.068" /><testcase classname="tests.test_iter34_provider_connect.TestDynamicDiscovery" name="test_examplepsp_declares_required_credentials" time="0.069" /><testcase classname="tests.test_iter34_provider_connect.TestPermissionIsolation" name="test_ops_cannot_read_other_tenant_providers" time="0.195" /><testcase classname="tests.test_iter34_provider_connect.TestDynamicDiscovery" name="test_demo_upi_is_sandbox_only" time="0.078" /><testcase classname="tests.test_iter34_provider_connect.TestDynamicDiscovery" name="test_examplepsp_supports_live" time="0.066" /><testcase classname="tests.test_iter34_provider_connect.TestPluginAgnostic" name="test_all_reference_plugins_go_through_same_endpoint" time="0.399" /><testcase classname="tests.test_iter34_provider_connect.TestSecureCredentialBinding" name="test_credentials_never_echoed_and_ref_stored" time="0.334" /><testcase classname="tests.test_iter34_provider_connect.TestLiveSafety" name="test_live_demo_upi_at_provider_create_rejected" time="0.108" /><testcase classname="tests.test_iter34_provider_connect.TestPluginAgnostic" name="test_no_hardcoded_provider_names_in_endpoint_logic" time="0.001" /><testcase classname="tests.test_iter34_provider_connect.TestDuplicateProvider" name="test_duplicate_provider_env_rejected" time="0.346" /></testsuite></testsuites>