<?xml version="1.0" encoding="utf-8"?><testsuites name="pytest tests"><testsuite name="pytest" errors="0" failures="0" skipped="0" tests="20" time="3.267" timestamp="2026-09-01T12:26:52.769214+00:00" hostname="agent-env-bbb905d9-77c4-4f4b-b113-792c9c0d5bdc"><testcase classname="tests.test_prompt05_regressions" name="test_protected_endpoints_require_auth" time="0.057" /><testcase classname="tests.test_prompt05_regressions" name="test_admin_login_returns_cookie" time="0.262" /><testcase classname="tests.test_prompt05_regressions" name="test_stripe_discovery_never_shows_live" time="0.303" /><testcase classname="tests.test_prompt05_regressions" name="test_post_provider_rejects_live_mode" time="0.094" /><testcase classname="tests.test_prompt05_regressions" name="test_failed_stripe_payment_posts_no_ledger_credit" time="0.337" /><testcase classname="tests.test_prompt05_regressions" name="test_mock_provider_succeeds_and_posts_single_credit" time="1.412" /><testcase classname="tests.test_prompt05_regressions" name="test_stripe_idempotency_lock_before_dispatch" time="0.133" /><testcase classname="tests.test_prompt05_regressions" name="test_stripe_webhook_public_no_auth_unmatched" time="0.023" /><testcase classname="tests.test_prompt05_regressions" name="test_stripe_webhook_unsupported_event_ignored" time="0.020" /><testcase classname="tests.test_stripe_provider" name="test_capabilities_reports_sandbox_test_mode" time="0.000" /><testcase classname="tests.test_stripe_provider" name="test_live_key_is_blocked" time="0.000" /><testcase classname="tests.test_stripe_provider" name="test_unconfigured_is_guarded" time="0.000" /><testcase classname="tests.test_stripe_provider" name="test_charge_success_with_mocked_sdk" time="0.000" /><testcase classname="tests.test_stripe_provider" name="test_charge_failure_is_graceful" time="0.000" /><testcase classname="tests.test_stripe_provider" name="test_refund_success_with_mocked_sdk" time="0.000" /><testcase classname="tests.test_stripe_provider" name="test_verify_webhook_uses_sdk" time="0.000" /><testcase classname="tests.test_stripe_provider" name="test_stripe_is_registered_in_discovery" time="0.298" /><testcase classname="tests.test_stripe_provider" name="test_monitoring_lists_stripe" time="0.045" /><testcase classname="tests.test_stripe_provider" name="test_payment_routes_to_stripe_and_degrades_safely" time="0.178" /><testcase classname="tests.test_stripe_provider" name="test_stripe_webhook_endpoint_accepts_and_handles_unmatched" time="0.023" /></testsuite></testsuites>