<?xml version="1.0" encoding="utf-8"?><testsuites name="pytest tests"><testsuite name="pytest" errors="0" failures="0" skipped="0" tests="8" time="3.910" timestamp="2026-09-01T13:55:54.633220+00:00" hostname="agent-env-bbb905d9-77c4-4f4b-b113-792c9c0d5bdc"><testcase classname="tests.test_provider_accounts" name="test_secret_store_roundtrip_and_encrypted_at_rest" time="0.054" /><testcase classname="tests.test_provider_accounts" name="test_add_provider_with_credentials_stores_reference_only" time="0.374" /><testcase classname="tests.test_provider_accounts" name="test_per_environment_accounts_and_duplicate_guard" time="0.091" /><testcase classname="tests.test_provider_accounts" name="test_enable_disable_and_rotate_credentials" time="0.209" /><testcase classname="tests.test_provider_accounts" name="test_disabled_account_blocks_payment" time="0.190" /><testcase classname="tests.test_provider_accounts" name="test_delete_provider_account" time="0.140" /><testcase classname="tests.test_provider_accounts" name="test_payment_environment_selection" time="1.381" /><testcase classname="tests.test_provider_accounts" name="test_payment_defaults_to_sandbox" time="1.224" /></testsuite></testsuites>