<?xml version="1.0" encoding="utf-8"?><testsuites name="pytest tests"><testsuite name="pytest" errors="0" failures="0" skipped="0" tests="41" time="15.165" timestamp="2026-09-01T10:53:57.779041+00:00" hostname="agent-env-bbb905d9-77c4-4f4b-b113-792c9c0d5bdc"><testcase classname="tests.test_foundation" name="test_health" time="0.311" /><testcase classname="tests.test_foundation" name="test_root" time="0.050" /><testcase classname="tests.test_extended" name="test_dashboard_summary" time="0.404" /><testcase classname="tests.test_extended" name="test_providers_available" time="0.257" /><testcase classname="tests.test_foundation" name="test_login_success_and_me" time="0.286" /><testcase classname="tests.test_foundation" name="test_login_wrong_password" time="0.269" /><testcase classname="tests.test_extended" name="test_fee_rule_create_and_list" time="0.297" /><testcase classname="tests.test_foundation" name="test_unauthenticated_blocked" time="0.001" /><testcase classname="tests.test_foundation" name="test_register_and_isolation" time="0.308" /><testcase classname="tests.test_extended" name="test_settlement_generate" time="0.315" /><testcase classname="tests.test_foundation" name="test_payment_and_fee" time="2.120" /><testcase classname="tests.test_extended" name="test_feature_flags_list_and_toggle" time="0.098" /><testcase classname="tests.test_extended" name="test_users_and_roles" time="0.094" /><testcase classname="tests.test_extended" name="test_refunds_list" time="0.047" /><testcase classname="tests.test_extended" name="test_create_tenant" time="0.051" /><testcase classname="tests.test_extended" name="test_google_login_redirect_url_exists" time="0.022" /><testcase classname="tests.test_commerce.TestCsvExports" name="test_csv_export[payments.csv]" time="0.353" /><testcase classname="tests.test_commerce.TestCsvExports" name="test_csv_export[settlements.csv]" time="0.047" /><testcase classname="tests.test_commerce.TestCsvExports" name="test_csv_export[ledger.csv]" time="0.047" /><testcase classname="tests.test_commerce.TestCsvExports" name="test_csv_requires_auth" time="0.022" /><testcase classname="tests.test_iteration3.TestBranding" name="test_patch_accent_color" time="0.347" /><testcase classname="tests.test_iteration3.TestBranding" name="test_upload_logo_and_public_serve" time="0.401" /><testcase classname="tests.test_iteration3.TestBranding" name="test_public_checkout_returns_branding" time="0.031" /><testcase classname="tests.test_iteration3.TestBranding" name="test_bad_image_rejected" time="0.044" /><testcase classname="tests.test_iteration3.TestWebhookRetries" name="test_500_marks_retrying" time="2.246" /><testcase classname="tests.test_foundation" name="test_sandbox_decline" time="0.050" /><testcase classname="tests.test_foundation" name="test_refund_flow" time="2.108" /><testcase classname="tests.test_iteration3.TestWebhookRetries" name="test_400_marks_failed_no_retry" time="2.706" /><testcase classname="tests.test_foundation" name="test_ledger_and_turnover" time="0.090" /><testcase classname="tests.test_foundation" name="test_audit_log_written" time="0.048" /><testcase classname="tests.test_foundation" name="test_boundaries_disabled" time="0.046" /><testcase classname="tests.test_foundation" name="test_live_provider_blocked" time="0.048" /><testcase classname="tests.test_commerce.TestApiKeys" name="test_create_and_list_and_revoke" time="0.590" /><testcase classname="tests.test_commerce.TestApiKeys" name="test_bad_api_key_rejected" time="0.044" /><testcase classname="tests.test_commerce.TestHostedCheckout" name="test_create_session_public_and_pay" time="2.108" /><testcase classname="tests.test_iteration3.TestWebhookRetries" name="test_replay_preserves_event_id_and_audit" time="0.703" /><testcase classname="tests.test_commerce.TestHostedCheckout" name="test_public_get_missing_token" time="0.022" /><testcase classname="tests.test_commerce.TestWebhooks" name="test_events_and_endpoint_lifecycle" time="6.111" /><testcase classname="tests.test_iteration3.TestScheduledReports" name="test_run_now_and_download" time="0.529" /><testcase classname="tests.test_iteration3.TestScheduledReports" name="test_download_requires_auth" time="0.250" /><testcase classname="tests.test_iteration3.TestScheduledReports" name="test_public_files_rejects_report" time="0.221" /></testsuite></testsuites>