<?xml version="1.0" encoding="utf-8"?><testsuites name="pytest tests"><testsuite name="pytest" errors="0" failures="0" skipped="0" tests="22" time="2.324" timestamp="2026-09-01T09:51:28.909282+00:00" hostname="agent-env-bbb905d9-77c4-4f4b-b113-792c9c0d5bdc"><testcase classname="tests.test_foundation" name="test_health" time="0.350" /><testcase classname="tests.test_foundation" name="test_root" time="0.051" /><testcase classname="tests.test_extended" name="test_dashboard_summary" time="0.440" /><testcase classname="tests.test_extended" name="test_providers_available" time="0.258" /><testcase classname="tests.test_foundation" name="test_login_success_and_me" time="0.286" /><testcase classname="tests.test_foundation" name="test_login_wrong_password" time="0.268" /><testcase classname="tests.test_extended" name="test_fee_rule_create_and_list" time="0.300" /><testcase classname="tests.test_foundation" name="test_unauthenticated_blocked" time="0.003" /><testcase classname="tests.test_foundation" name="test_register_and_isolation" time="0.307" /><testcase classname="tests.test_extended" name="test_settlement_generate" time="0.314" /><testcase classname="tests.test_foundation" name="test_payment_and_fee" time="0.106" /><testcase classname="tests.test_extended" name="test_feature_flags_list_and_toggle" time="0.095" /><testcase classname="tests.test_foundation" name="test_sandbox_decline" time="0.048" /><testcase classname="tests.test_extended" name="test_users_and_roles" time="0.093" /><testcase classname="tests.test_foundation" name="test_refund_flow" time="0.149" /><testcase classname="tests.test_extended" name="test_refunds_list" time="0.046" /><testcase classname="tests.test_extended" name="test_create_tenant" time="0.049" /><testcase classname="tests.test_foundation" name="test_ledger_and_turnover" time="0.093" /><testcase classname="tests.test_extended" name="test_google_login_redirect_url_exists" time="0.023" /><testcase classname="tests.test_foundation" name="test_audit_log_written" time="0.047" /><testcase classname="tests.test_foundation" name="test_boundaries_disabled" time="0.045" /><testcase classname="tests.test_foundation" name="test_live_provider_blocked" time="0.048" /></testsuite></testsuites>