<?xml version="1.0" encoding="utf-8"?><testsuites name="pytest tests"><testsuite name="pytest" errors="0" failures="0" skipped="0" tests="89" time="50.675" timestamp="2026-09-01T12:36:22.933767+00:00" hostname="agent-env-bbb905d9-77c4-4f4b-b113-792c9c0d5bdc"><testcase classname="tests.test_auth_security" name="test_expired_access_token_rejected" time="0.307" /><testcase classname="tests.test_auth_security" name="test_revoked_session_rejected" time="0.907" /><testcase classname="tests.test_auth_security" name="test_revoke_all_invalidates_token" time="0.344" /><testcase classname="tests.test_auth_security" name="test_failed_login_lockout" time="1.665" /><testcase classname="tests.test_auth_security" name="test_cross_tenant_access_denied" time="0.553" /><testcase classname="tests.test_auth_security" name="test_mfa_enforced_no_bypass" time="0.755" /><testcase classname="tests.test_auth_security" name="test_privileged_user_flagged_for_mfa" time="0.251" /><testcase classname="tests.test_auth_security" name="test_reset_token_reuse_prevented" time="0.584" /><testcase classname="tests.test_auth_security" name="test_reset_token_expiry_enforced" time="0.304" /><testcase classname="tests.test_authz_isolation" name="test_cross_tenant_get_denied" time="1.240" /><testcase classname="tests.test_authz_isolation" name="test_cross_tenant_post_denied" time="0.046" /><testcase classname="tests.test_authz_isolation" name="test_cross_tenant_guessed_id_denied" time="1.179" /><testcase classname="tests.test_authz_isolation" name="test_cross_tenant_export_denied" time="0.046" /><testcase classname="tests.test_authz_isolation" name="test_api_key_is_tenant_scoped" time="0.136" /><testcase classname="tests.test_authz_isolation" name="test_revoked_api_key_denied" time="0.161" /><testcase classname="tests.test_authz_isolation" name="test_insufficient_permission_denied" time="0.051" /><testcase classname="tests.test_authz_isolation" name="test_feature_entitlement_enforced_on_backend" time="0.209" /><testcase classname="tests.test_authz_isolation" name="test_superadmin_cross_tenant_allowed" time="0.056" /><testcase classname="tests.test_authz_isolation" name="test_same_tenant_access_allowed" time="0.056" /><testcase classname="tests.test_commerce.TestApiKeys" name="test_create_and_list_and_revoke" time="0.572" /><testcase classname="tests.test_commerce.TestApiKeys" name="test_bad_api_key_rejected" time="0.046" /><testcase classname="tests.test_commerce.TestHostedCheckout" name="test_create_session_public_and_pay" time="1.142" /><testcase classname="tests.test_commerce.TestHostedCheckout" name="test_public_get_missing_token" time="0.022" /><testcase classname="tests.test_commerce.TestWebhooks" name="test_events_and_endpoint_lifecycle" time="8.048" /><testcase classname="tests.test_commerce.TestCsvExports" name="test_csv_export[payments.csv]" time="0.051" /><testcase classname="tests.test_commerce.TestCsvExports" name="test_csv_export[settlements.csv]" time="0.049" /><testcase classname="tests.test_commerce.TestCsvExports" name="test_csv_export[ledger.csv]" time="0.050" /><testcase classname="tests.test_commerce.TestCsvExports" name="test_csv_requires_auth" time="0.021" /><testcase classname="tests.test_extended" name="test_dashboard_summary" time="0.325" /><testcase classname="tests.test_extended" name="test_providers_available" time="0.046" /><testcase classname="tests.test_extended" name="test_fee_rule_create_and_list" time="0.097" /><testcase classname="tests.test_extended" name="test_settlement_generate" time="0.099" /><testcase classname="tests.test_extended" name="test_feature_flags_list_and_toggle" time="0.141" /><testcase classname="tests.test_extended" name="test_users_and_roles" time="0.057" /><testcase classname="tests.test_extended" name="test_refunds_list" time="0.047" /><testcase classname="tests.test_extended" name="test_create_tenant" time="0.050" /><testcase classname="tests.test_extended" name="test_google_login_redirect_url_exists" time="0.021" /><testcase classname="tests.test_foundation" name="test_health" time="0.021" /><testcase classname="tests.test_foundation" name="test_root" time="0.041" /><testcase classname="tests.test_foundation" name="test_login_success_and_me" time="0.279" /><testcase classname="tests.test_foundation" name="test_login_wrong_password" time="0.252" /><testcase classname="tests.test_foundation" name="test_unauthenticated_blocked" time="0.001" /><testcase classname="tests.test_foundation" name="test_register_and_isolation" time="0.293" /><testcase classname="tests.test_foundation" name="test_payment_and_fee" time="1.183" /><testcase classname="tests.test_foundation" name="test_sandbox_decline" time="0.050" /><testcase classname="tests.test_foundation" name="test_refund_flow" time="1.665" /><testcase classname="tests.test_foundation" name="test_ledger_and_turnover" time="0.096" /><testcase classname="tests.test_foundation" name="test_audit_log_written" time="0.013" /><testcase classname="tests.test_foundation" name="test_boundaries_disabled" time="0.045" /><testcase classname="tests.test_foundation" name="test_live_provider_blocked" time="0.048" /><testcase classname="tests.test_iteration3.TestBranding" name="test_patch_accent_color" time="0.344" /><testcase classname="tests.test_iteration3.TestBranding" name="test_upload_logo_and_public_serve" time="0.414" /><testcase classname="tests.test_iteration3.TestBranding" name="test_public_checkout_returns_branding" time="0.029" /><testcase classname="tests.test_iteration3.TestBranding" name="test_bad_image_rejected" time="0.045" /><testcase classname="tests.test_iteration3.TestWebhookRetries" name="test_500_marks_retrying" time="3.506" /><testcase classname="tests.test_iteration3.TestWebhookRetries" name="test_400_marks_failed_no_retry" time="2.646" /><testcase classname="tests.test_iteration3.TestWebhookRetries" name="test_replay_preserves_event_id_and_audit" time="0.413" /><testcase classname="tests.test_iteration3.TestScheduledReports" name="test_run_now_and_download" time="0.603" /><testcase classname="tests.test_iteration3.TestScheduledReports" name="test_download_requires_auth" time="0.215" /><testcase classname="tests.test_iteration3.TestScheduledReports" name="test_public_files_rejects_report" time="0.267" /><testcase classname="tests.test_payment_state" name="test_valid_transitions_allowed" time="0.000" /><testcase classname="tests.test_payment_state" name="test_invalid_transitions_rejected[succeeded-pending]" time="0.000" /><testcase classname="tests.test_payment_state" name="test_invalid_transitions_rejected[failed-succeeded]" time="0.000" /><testcase classname="tests.test_payment_state" name="test_invalid_transitions_rejected[cancelled-succeeded]" time="0.000" /><testcase classname="tests.test_payment_state" name="test_invalid_transitions_rejected[refunded-partially_refunded]" time="0.000" /><testcase classname="tests.test_payment_state" name="test_idempotent_payment_creation" time="2.359" /><testcase classname="tests.test_payment_state" name="test_no_client_status_injection" time="1.613" /><testcase classname="tests.test_payment_state" name="test_sandbox_decline_no_ledger_credit" time="0.054" /><testcase classname="tests.test_payment_state" name="test_duplicate_and_over_refund" time="1.854" /><testcase classname="tests.test_payment_state" name="test_full_refund_then_no_further_refund" time="2.644" /><testcase classname="tests.test_payment_state_invariants" name="test_success_payment_posts_exactly_one_credit_and_is_idempotent" time="1.505" /><testcase classname="tests.test_payment_state_invariants" name="test_failed_payment_posts_no_ledger_credit" time="0.154" /><testcase classname="tests.test_payment_state_invariants" name="test_refund_posts_single_debit_and_is_idempotent" time="2.242" /><testcase classname="tests.test_payment_state_invariants" name="test_audit_contains_state_transition_and_correlation_id" time="1.878" /><testcase classname="tests.test_payment_state_invariants" name="test_refund_audit_has_previous_and_new_state" time="1.843" /><testcase classname="tests.test_provider_architecture" name="test_mock_implements_generic_contract" time="0.000" /><testcase classname="tests.test_provider_architecture" name="test_capability_interface_shape" time="0.000" /><testcase classname="tests.test_provider_architecture" name="test_credential_reference_interface_holds_no_secrets" time="0.000" /><testcase classname="tests.test_provider_architecture" name="test_sandbox_live_mode_abstraction" time="0.000" /><testcase classname="tests.test_provider_architecture" name="test_health_check_interface" time="0.000" /><testcase classname="tests.test_provider_architecture" name="test_charge_and_refund_contract" time="0.000" /><testcase classname="tests.test_provider_architecture" name="test_verify_webhook_returns_normalized_event" time="0.000" /><testcase classname="tests.test_provider_architecture" name="test_registry_isolation_and_discovery" time="0.000" /><testcase classname="tests.test_provider_architecture" name="test_core_has_no_provider_specific_imports" time="0.371" /><testcase classname="tests.test_provider_architecture" name="test_discovery_endpoint_lists_only_mock" time="0.301" /><testcase classname="tests.test_provider_architecture" name="test_capabilities_and_health_endpoints" time="0.138" /><testcase classname="tests.test_provider_architecture" name="test_post_provider_rejects_live_mode" time="0.093" /><testcase classname="tests.test_provider_architecture" name="test_generic_inbound_webhook_reconciles_via_contract" time="1.239" /><testcase classname="tests.test_provider_architecture" name="test_generic_inbound_webhook_unmatched_and_ignored" time="0.063" /></testsuite></testsuites>