<?xml version="1.0" encoding="utf-8"?><testsuites name="pytest tests"><testsuite name="pytest" errors="0" failures="0" skipped="0" tests="50" time="27.313" timestamp="2026-09-01T11:41:35.062171+00:00" hostname="agent-env-bbb905d9-77c4-4f4b-b113-792c9c0d5bdc"><testcase classname="tests.test_auth_security" name="test_expired_access_token_rejected" time="0.304" /><testcase classname="tests.test_auth_security" name="test_revoked_session_rejected" time="0.382" /><testcase classname="tests.test_auth_security" name="test_revoke_all_invalidates_token" time="0.336" /><testcase classname="tests.test_auth_security" name="test_failed_login_lockout" time="1.629" /><testcase classname="tests.test_auth_security" name="test_cross_tenant_access_denied" time="0.546" /><testcase classname="tests.test_auth_security" name="test_mfa_enforced_no_bypass" time="0.742" /><testcase classname="tests.test_auth_security" name="test_privileged_user_flagged_for_mfa" time="0.252" /><testcase classname="tests.test_auth_security" name="test_reset_token_reuse_prevented" time="0.578" /><testcase classname="tests.test_auth_security" name="test_reset_token_expiry_enforced" time="0.305" /><testcase classname="tests.test_commerce.TestApiKeys" name="test_create_and_list_and_revoke" time="0.554" /><testcase classname="tests.test_commerce.TestApiKeys" name="test_bad_api_key_rejected" time="0.044" /><testcase classname="tests.test_commerce.TestHostedCheckout" name="test_create_session_public_and_pay" time="1.462" /><testcase classname="tests.test_commerce.TestHostedCheckout" name="test_public_get_missing_token" time="0.021" /><testcase classname="tests.test_commerce.TestWebhooks" name="test_events_and_endpoint_lifecycle" time="6.501" /><testcase classname="tests.test_commerce.TestCsvExports" name="test_csv_export[payments.csv]" time="0.047" /><testcase classname="tests.test_commerce.TestCsvExports" name="test_csv_export[settlements.csv]" time="0.047" /><testcase classname="tests.test_commerce.TestCsvExports" name="test_csv_export[ledger.csv]" time="0.047" /><testcase classname="tests.test_commerce.TestCsvExports" name="test_csv_requires_auth" time="0.021" /><testcase classname="tests.test_extended" name="test_dashboard_summary" time="0.323" /><testcase classname="tests.test_extended" name="test_providers_available" time="0.046" /><testcase classname="tests.test_extended" name="test_fee_rule_create_and_list" time="0.094" /><testcase classname="tests.test_extended" name="test_settlement_generate" time="0.097" /><testcase classname="tests.test_extended" name="test_feature_flags_list_and_toggle" time="0.096" /><testcase classname="tests.test_extended" name="test_users_and_roles" time="0.095" /><testcase classname="tests.test_extended" name="test_refunds_list" time="0.047" /><testcase classname="tests.test_extended" name="test_create_tenant" time="0.050" /><testcase classname="tests.test_extended" name="test_google_login_redirect_url_exists" time="0.021" /><testcase classname="tests.test_foundation" name="test_health" time="0.021" /><testcase classname="tests.test_foundation" name="test_root" time="0.041" /><testcase classname="tests.test_foundation" name="test_login_success_and_me" time="0.276" /><testcase classname="tests.test_foundation" name="test_login_wrong_password" time="0.250" /><testcase classname="tests.test_foundation" name="test_unauthenticated_blocked" time="0.001" /><testcase classname="tests.test_foundation" name="test_register_and_isolation" time="0.293" /><testcase classname="tests.test_foundation" name="test_payment_and_fee" time="1.095" /><testcase classname="tests.test_foundation" name="test_sandbox_decline" time="0.050" /><testcase classname="tests.test_foundation" name="test_refund_flow" time="1.465" /><testcase classname="tests.test_foundation" name="test_ledger_and_turnover" time="0.093" /><testcase classname="tests.test_foundation" name="test_audit_log_written" time="0.013" /><testcase classname="tests.test_foundation" name="test_boundaries_disabled" time="0.044" /><testcase classname="tests.test_foundation" name="test_live_provider_blocked" time="0.047" /><testcase classname="tests.test_iteration3.TestBranding" name="test_patch_accent_color" time="0.344" /><testcase classname="tests.test_iteration3.TestBranding" name="test_upload_logo_and_public_serve" time="0.412" /><testcase classname="tests.test_iteration3.TestBranding" name="test_public_checkout_returns_branding" time="0.031" /><testcase classname="tests.test_iteration3.TestBranding" name="test_bad_image_rejected" time="0.047" /><testcase classname="tests.test_iteration3.TestWebhookRetries" name="test_500_marks_retrying" time="2.195" /><testcase classname="tests.test_iteration3.TestWebhookRetries" name="test_400_marks_failed_no_retry" time="4.350" /><testcase classname="tests.test_iteration3.TestWebhookRetries" name="test_replay_preserves_event_id_and_audit" time="0.510" /><testcase classname="tests.test_iteration3.TestScheduledReports" name="test_run_now_and_download" time="0.456" /><testcase classname="tests.test_iteration3.TestScheduledReports" name="test_download_requires_auth" time="0.239" /><testcase classname="tests.test_iteration3.TestScheduledReports" name="test_public_files_rejects_report" time="0.260" /></testsuite></testsuites>