<?xml version="1.0" encoding="utf-8"?><testsuites name="pytest tests"><testsuite name="pytest" errors="0" failures="0" skipped="0" tests="60" time="33.715" timestamp="2026-09-01T11:54:27.165729+00:00" hostname="agent-env-bbb905d9-77c4-4f4b-b113-792c9c0d5bdc"><testcase classname="tests.test_auth_security" name="test_expired_access_token_rejected" time="0.306" /><testcase classname="tests.test_auth_security" name="test_revoked_session_rejected" time="0.387" /><testcase classname="tests.test_auth_security" name="test_revoke_all_invalidates_token" time="0.339" /><testcase classname="tests.test_auth_security" name="test_failed_login_lockout" time="1.634" /><testcase classname="tests.test_auth_security" name="test_cross_tenant_access_denied" time="0.574" /><testcase classname="tests.test_auth_security" name="test_mfa_enforced_no_bypass" time="0.775" /><testcase classname="tests.test_auth_security" name="test_privileged_user_flagged_for_mfa" time="0.253" /><testcase classname="tests.test_auth_security" name="test_reset_token_reuse_prevented" time="0.607" /><testcase classname="tests.test_auth_security" name="test_reset_token_expiry_enforced" time="0.322" /><testcase classname="tests.test_authz_isolation" name="test_cross_tenant_get_denied" time="1.259" /><testcase classname="tests.test_authz_isolation" name="test_cross_tenant_post_denied" time="0.046" /><testcase classname="tests.test_authz_isolation" name="test_cross_tenant_guessed_id_denied" time="1.020" /><testcase classname="tests.test_authz_isolation" name="test_cross_tenant_export_denied" time="0.046" /><testcase classname="tests.test_authz_isolation" name="test_api_key_is_tenant_scoped" time="0.128" /><testcase classname="tests.test_authz_isolation" name="test_revoked_api_key_denied" time="0.160" /><testcase classname="tests.test_authz_isolation" name="test_insufficient_permission_denied" time="0.049" /><testcase classname="tests.test_authz_isolation" name="test_feature_entitlement_enforced_on_backend" time="0.207" /><testcase classname="tests.test_authz_isolation" name="test_superadmin_cross_tenant_allowed" time="0.093" /><testcase classname="tests.test_authz_isolation" name="test_same_tenant_access_allowed" time="0.055" /><testcase classname="tests.test_commerce.TestApiKeys" name="test_create_and_list_and_revoke" time="0.553" /><testcase classname="tests.test_commerce.TestApiKeys" name="test_bad_api_key_rejected" time="0.043" /><testcase classname="tests.test_commerce.TestHostedCheckout" name="test_create_session_public_and_pay" time="2.164" /><testcase classname="tests.test_commerce.TestHostedCheckout" name="test_public_get_missing_token" time="0.021" /><testcase classname="tests.test_commerce.TestWebhooks" name="test_events_and_endpoint_lifecycle" time="6.583" /><testcase classname="tests.test_commerce.TestCsvExports" name="test_csv_export[payments.csv]" time="0.048" /><testcase classname="tests.test_commerce.TestCsvExports" name="test_csv_export[settlements.csv]" time="0.047" /><testcase classname="tests.test_commerce.TestCsvExports" name="test_csv_export[ledger.csv]" time="0.048" /><testcase classname="tests.test_commerce.TestCsvExports" name="test_csv_requires_auth" time="0.021" /><testcase classname="tests.test_extended" name="test_dashboard_summary" time="0.322" /><testcase classname="tests.test_extended" name="test_providers_available" time="0.045" /><testcase classname="tests.test_extended" name="test_fee_rule_create_and_list" time="0.094" /><testcase classname="tests.test_extended" name="test_settlement_generate" time="0.097" /><testcase classname="tests.test_extended" name="test_feature_flags_list_and_toggle" time="0.146" /><testcase classname="tests.test_extended" name="test_users_and_roles" time="0.095" /><testcase classname="tests.test_extended" name="test_refunds_list" time="0.046" /><testcase classname="tests.test_extended" name="test_create_tenant" time="0.049" /><testcase classname="tests.test_extended" name="test_google_login_redirect_url_exists" time="0.021" /><testcase classname="tests.test_foundation" name="test_health" time="0.021" /><testcase classname="tests.test_foundation" name="test_root" time="0.042" /><testcase classname="tests.test_foundation" name="test_login_success_and_me" time="0.276" /><testcase classname="tests.test_foundation" name="test_login_wrong_password" time="0.248" /><testcase classname="tests.test_foundation" name="test_unauthenticated_blocked" time="0.001" /><testcase classname="tests.test_foundation" name="test_register_and_isolation" time="0.292" /><testcase classname="tests.test_foundation" name="test_payment_and_fee" time="1.200" /><testcase classname="tests.test_foundation" name="test_sandbox_decline" time="0.051" /><testcase classname="tests.test_foundation" name="test_refund_flow" time="1.903" /><testcase classname="tests.test_foundation" name="test_ledger_and_turnover" time="0.092" /><testcase classname="tests.test_foundation" name="test_audit_log_written" time="0.012" /><testcase classname="tests.test_foundation" name="test_boundaries_disabled" time="0.045" /><testcase classname="tests.test_foundation" name="test_live_provider_blocked" time="0.046" /><testcase classname="tests.test_iteration3.TestBranding" name="test_patch_accent_color" time="0.344" /><testcase classname="tests.test_iteration3.TestBranding" name="test_upload_logo_and_public_serve" time="0.400" /><testcase classname="tests.test_iteration3.TestBranding" name="test_public_checkout_returns_branding" time="0.030" /><testcase classname="tests.test_iteration3.TestBranding" name="test_bad_image_rejected" time="0.047" /><testcase classname="tests.test_iteration3.TestWebhookRetries" name="test_500_marks_retrying" time="6.029" /><testcase classname="tests.test_iteration3.TestWebhookRetries" name="test_400_marks_failed_no_retry" time="2.432" /><testcase classname="tests.test_iteration3.TestWebhookRetries" name="test_replay_preserves_event_id_and_audit" time="0.475" /><testcase classname="tests.test_iteration3.TestScheduledReports" name="test_run_now_and_download" time="0.407" /><testcase classname="tests.test_iteration3.TestScheduledReports" name="test_download_requires_auth" time="0.267" /><testcase classname="tests.test_iteration3.TestScheduledReports" name="test_public_files_rejects_report" time="0.252" /></testsuite></testsuites>