<?xml version="1.0" encoding="utf-8"?><testsuites name="pytest tests"><testsuite name="pytest" errors="0" failures="0" skipped="0" tests="9" time="5.166" timestamp="2026-09-01T11:41:25.487327+00:00" hostname="agent-env-bbb905d9-77c4-4f4b-b113-792c9c0d5bdc"><testcase classname="tests.test_auth_security" name="test_expired_access_token_rejected" time="0.307" /><testcase classname="tests.test_auth_security" name="test_revoked_session_rejected" time="0.382" /><testcase classname="tests.test_auth_security" name="test_revoke_all_invalidates_token" time="0.337" /><testcase classname="tests.test_auth_security" name="test_failed_login_lockout" time="1.631" /><testcase classname="tests.test_auth_security" name="test_cross_tenant_access_denied" time="0.548" /><testcase classname="tests.test_auth_security" name="test_mfa_enforced_no_bypass" time="0.742" /><testcase classname="tests.test_auth_security" name="test_privileged_user_flagged_for_mfa" time="0.251" /><testcase classname="tests.test_auth_security" name="test_reset_token_reuse_prevented" time="0.585" /><testcase classname="tests.test_auth_security" name="test_reset_token_expiry_enforced" time="0.304" /></testsuite></testsuites>