<?xml version="1.0" encoding="utf-8"?><testsuites name="pytest tests"><testsuite name="pytest" errors="0" failures="0" skipped="0" tests="10" time="7.409" timestamp="2026-09-01T10:53:46.247888+00:00" hostname="agent-env-bbb905d9-77c4-4f4b-b113-792c9c0d5bdc"><testcase classname="tests.test_iteration3.TestBranding" name="test_patch_accent_color" time="0.702" /><testcase classname="tests.test_iteration3.TestWebhookRetries" name="test_500_marks_retrying" time="3.923" /><testcase classname="tests.test_iteration3.TestBranding" name="test_upload_logo_and_public_serve" time="0.353" /><testcase classname="tests.test_iteration3.TestBranding" name="test_public_checkout_returns_branding" time="0.059" /><testcase classname="tests.test_iteration3.TestBranding" name="test_bad_image_rejected" time="0.005" /><testcase classname="tests.test_iteration3.TestScheduledReports" name="test_run_now_and_download" time="0.482" /><testcase classname="tests.test_iteration3.TestScheduledReports" name="test_download_requires_auth" time="0.252" /><testcase classname="tests.test_iteration3.TestScheduledReports" name="test_public_files_rejects_report" time="0.287" /><testcase classname="tests.test_iteration3.TestWebhookRetries" name="test_400_marks_failed_no_retry" time="2.449" /><testcase classname="tests.test_iteration3.TestWebhookRetries" name="test_replay_preserves_event_id_and_audit" time="0.527" /></testsuite></testsuites>