<?xml version="1.0" encoding="utf-8"?><testsuites name="pytest tests"><testsuite name="pytest" errors="0" failures="0" skipped="0" tests="68" time="14.692" timestamp="2026-09-03T14:10:01.577461+00:00" hostname="agent-env-bbb905d9-77c4-4f4b-b113-792c9c0d5bdc"><testcase classname="tests.test_payment_receipt" name="test_sends_receipt_on_success" time="0.001" /><testcase classname="tests.test_payment_receipt" name="test_idempotent_no_duplicate_on_replay" time="0.001" /><testcase classname="tests.test_payment_receipt" name="test_captured_status_also_sends" time="0.001" /><testcase classname="tests.test_payment_receipt" name="test_skipped_when_no_customer_email" time="0.000" /><testcase classname="tests.test_payment_receipt" name="test_skipped_when_status_not_final" time="0.001" /><testcase classname="tests.test_payment_receipt" name="test_no_support_block_without_contact" time="0.001" /><testcase classname="tests.test_payment_receipt" name="test_send_failure_does_not_mark_and_never_raises" time="0.001" /><testcase classname="tests.test_payment_receipt" name="test_transient_send_failed_status_allows_retry" time="0.001" /><testcase classname="tests.test_payment_receipt" name="test_receipt_html_has_no_secrets" time="0.001" /><testcase classname="tests.test_payment_receipt_live" name="test_direct_success_with_customer_email_sets_receipt_marker" time="0.590" /><testcase classname="tests.test_payment_receipt_live" name="test_direct_success_without_customer_email_no_receipt" time="0.054" /><testcase classname="tests.test_payment_receipt_live" name="test_manual_capture_sends_receipt_and_is_idempotent" time="0.351" /><testcase classname="tests.test_payment_receipt_live" name="test_payment_response_never_leaks_secrets" time="0.628" /><testcase classname="tests.test_capture_void.TestCapture" name="test_capture_authorized" time="0.385" /><testcase classname="tests.test_capture_void.TestCapture" name="test_duplicate_capture_rejected" time="0.191" /><testcase classname="tests.test_capture_void.TestCapture" name="test_capture_idempotent_by_key" time="0.156" /><testcase classname="tests.test_capture_void.TestCapture" name="test_capture_beyond_authorized_rejected" time="0.102" /><testcase classname="tests.test_capture_void.TestCapture" name="test_capture_non_authorized_rejected" time="0.102" /><testcase classname="tests.test_capture_void.TestCapture" name="test_capture_no_duplicate_ledger_credit" time="0.206" /><testcase classname="tests.test_capture_void.TestCapture" name="test_capture_after_void_rejected" time="0.154" /><testcase classname="tests.test_capture_void.TestVoid" name="test_void_authorized" time="0.108" /><testcase classname="tests.test_capture_void.TestVoid" name="test_duplicate_void_rejected" time="0.155" /><testcase classname="tests.test_capture_void.TestVoid" name="test_void_idempotent_by_key" time="0.155" /><testcase classname="tests.test_capture_void.TestVoid" name="test_void_after_capture_rejected" time="0.154" /><testcase classname="tests.test_capture_void.TestVoid" name="test_void_non_authorized_rejected" time="0.102" /><testcase classname="tests.test_capture_void.TestVoid" name="test_void_unwinds_credit_no_money_created" time="0.208" /><testcase classname="tests.test_capture_void.TestConcurrencyAndRbac" name="test_concurrent_capture_void_safety" time="0.140" /><testcase classname="tests.test_capture_void.TestConcurrencyAndRbac" name="test_capture_requires_permission" time="0.384" /><testcase classname="tests.test_capture_void.TestConcurrencyAndRbac" name="test_capture_cross_tenant_rejected" time="0.680" /><testcase classname="tests.test_capture_void.TestUnsupportedCapability" name="test_provider_without_capture_returns_normalized_error" time="0.004" /><testcase classname="tests.test_financial_integrity.TestReversal" name="test_valid_reversal" time="0.499" /><testcase classname="tests.test_financial_integrity.TestReversal" name="test_duplicate_reversal_rejected" time="0.118" /><testcase classname="tests.test_financial_integrity.TestReversal" name="test_idempotent_reversal_by_key" time="0.161" /><testcase classname="tests.test_financial_integrity.TestReversal" name="test_invalid_lifecycle_reversal_rejected" time="0.104" /><testcase classname="tests.test_financial_integrity.TestReversal" name="test_unauthorized_reversal_rejected" time="0.336" /><testcase classname="tests.test_financial_integrity.TestReversal" name="test_cross_tenant_reversal_rejected" time="0.630" /><testcase classname="tests.test_financial_integrity.TestCumulativeRefund" name="test_full_and_partial_and_overrefund" time="0.267" /><testcase classname="tests.test_financial_integrity.TestCumulativeRefund" name="test_duplicate_idempotent_refund" time="0.167" /><testcase classname="tests.test_financial_integrity.TestCumulativeRefund" name="test_concurrent_refund_safety" time="0.129" /><testcase classname="tests.test_financial_integrity.TestUtr" name="test_submit_then_confirm_credits_once" time="0.304" /><testcase classname="tests.test_financial_integrity.TestUtr" name="test_duplicate_utr_rejected" time="0.098" /><testcase classname="tests.test_financial_integrity.TestUtr" name="test_amount_mismatch_rejected" time="0.145" /><testcase classname="tests.test_financial_integrity.TestUtr" name="test_currency_mismatch_rejected" time="0.098" /><testcase classname="tests.test_financial_integrity.TestUtr" name="test_linked_payment_status_mismatch_rejected" time="0.154" /><testcase classname="tests.test_financial_integrity.TestUtr" name="test_unverified_utr_has_no_credit" time="0.100" /><testcase classname="tests.test_financial_integrity.TestUtr" name="test_unauthorized_confirm_rejected" time="0.329" /><testcase classname="tests.test_financial_integrity.TestSettlementIdempotency" name="test_same_provider_ref_no_second_settlement" time="0.110" /><testcase classname="tests.test_financial_integrity.TestReconciliationIdempotency" name="test_repeated_webhook_reconcile_no_double_credit" time="0.163" /><testcase classname="tests.test_financial_integrity.TestSettlementImport" name="test_import_then_reimport_idempotent" time="0.100" /><testcase classname="tests.test_financial_integrity.TestSettlementImport" name="test_partial_new_and_existing" time="0.103" /><testcase classname="tests.test_financial_integrity.TestSettlementImport" name="test_invalid_row_reported_others_created" time="0.050" /><testcase classname="tests.test_financial_integrity.TestSettlementImport" name="test_missing_column_rejected" time="0.048" /><testcase classname="tests.test_financial_integrity.TestSettlementImport" name="test_import_requires_permission" time="0.280" /><testcase classname="tests.test_financial_integrity.TestSettlementImport" name="test_dry_run_previews_without_persisting" time="0.150" /><testcase classname="tests.test_financial_integrity.TestSettlementImport" name="test_import_history_records_run" time="0.192" /><testcase classname="tests.test_financial_integrity.TestSettlementImport" name="test_import_history_requires_permission" time="0.280" /><testcase classname="tests.test_financial_integrity.TestNoSecretLeak" name="test_financial_endpoints_never_leak_secrets" time="0.260" /><testcase classname="tests.test_reports_and_alert_history" name="test_period_window_daily_weekly_monthly" time="0.000" /><testcase classname="tests.test_reports_and_alert_history" name="test_run_weekly_and_monthly_reports" time="0.869" /><testcase classname="tests.test_reports_and_alert_history" name="test_run_invalid_report_type_rejected" time="0.047" /><testcase classname="tests.test_reports_and_alert_history" name="test_alert_history_records_fire_and_recover" time="1.147" /><testcase classname="tests.test_reports_and_alert_history" name="test_alert_history_never_exposes_secrets" time="0.048" /><testcase classname="tests.test_reports_and_alert_history" name="test_custom_range_report" time="0.169" /><testcase classname="tests.test_reports_and_alert_history" name="test_custom_range_requires_dates" time="0.048" /><testcase classname="tests.test_reports_and_alert_history" name="test_custom_range_end_before_start_rejected" time="0.049" /><testcase classname="tests.test_reports_and_alert_history" name="test_email_settings_roundtrip_and_report_gating" time="1.051" /><testcase classname="tests.test_reports_and_alert_history" name="test_email_settings_drops_invalid_frequencies" time="0.048" /><testcase classname="tests.test_reports_and_alert_history" name="test_provider_stability_score" time="0.427" /></testsuite></testsuites>